0 info it worked if it ends with ok
1 verbose cli [ '/home/georgi/.nvm/v0.10.29/bin/node',
1 verbose cli   '/home/georgi/.nvm/v0.10.29/bin/npm',
1 verbose cli   'install',
1 verbose cli   'xml2json',
1 verbose cli   '--save' ]
2 info using npm@1.4.14
3 info using node@v0.10.29
4 verbose readDependencies using package.json deps
5 verbose cache add [ 'xml2json@^0.6.1', null ]
6 verbose cache add name=undefined spec="xml2json@^0.6.1" args=["xml2json@^0.6.1",null]
7 verbose parsed url { protocol: null,
7 verbose parsed url   slashes: null,
7 verbose parsed url   auth: null,
7 verbose parsed url   host: null,
7 verbose parsed url   port: null,
7 verbose parsed url   hostname: null,
7 verbose parsed url   hash: null,
7 verbose parsed url   search: null,
7 verbose parsed url   query: null,
7 verbose parsed url   pathname: 'xml2json@^0.6.1',
7 verbose parsed url   path: 'xml2json@^0.6.1',
7 verbose parsed url   href: 'xml2json@^0.6.1' }
8 verbose cache add name="xml2json" spec="^0.6.1" args=["xml2json","^0.6.1"]
9 verbose parsed url { protocol: null,
9 verbose parsed url   slashes: null,
9 verbose parsed url   auth: null,
9 verbose parsed url   host: null,
9 verbose parsed url   port: null,
9 verbose parsed url   hostname: null,
9 verbose parsed url   hash: null,
9 verbose parsed url   search: null,
9 verbose parsed url   query: null,
9 verbose parsed url   pathname: '^0.6.1',
9 verbose parsed url   path: '^0.6.1',
9 verbose parsed url   href: '^0.6.1' }
10 verbose addNamed [ 'xml2json', '^0.6.1' ]
11 verbose addNamed [ null, '>=0.6.1-0 <0.7.0-0' ]
12 silly lockFile 814a0208-xml2json-0-6-1 xml2json@^0.6.1
13 verbose lock xml2json@^0.6.1 /home/georgi/.npm/814a0208-xml2json-0-6-1.lock
14 silly addNameRange { name: 'xml2json', range: '>=0.6.1-0 <0.7.0-0', hasData: false }
15 verbose url raw xml2json
16 verbose url resolving [ 'https://registry.npmjs.org/', './xml2json' ]
17 verbose url resolved https://registry.npmjs.org/xml2json
18 info trying registry request attempt 1 at 13:03:25
19 verbose etag "2M3D0B318S8ROV5VU0GIK96SU"
20 http GET https://registry.npmjs.org/xml2json
21 http 304 https://registry.npmjs.org/xml2json
22 silly registry.get cb [ 304,
22 silly registry.get   { date: 'Sat, 25 Apr 2015 10:03:26 GMT',
22 silly registry.get     server: 'Apache',
22 silly registry.get     via: '1.1 varnish',
22 silly registry.get     'last-modified': 'Sat, 25 Apr 2015 10:03:26 GMT',
22 silly registry.get     'cache-control': 'max-age=60',
22 silly registry.get     etag: '"2M3D0B318S8ROV5VU0GIK96SU"',
22 silly registry.get     age: '0',
22 silly registry.get     'x-served-by': 'cache-ams4135-AMS',
22 silly registry.get     'x-cache': 'HIT',
22 silly registry.get     'x-cache-hits': '1',
22 silly registry.get     'x-timer': 'S1429956206.049682,VS0,VE383',
22 silly registry.get     vary: 'Accept',
22 silly registry.get     'content-length': '0',
22 silly registry.get     'keep-alive': 'timeout=10, max=50',
22 silly registry.get     connection: 'Keep-Alive' } ]
23 verbose etag xml2json from cache
24 silly addNameRange number 2 { name: 'xml2json', range: '>=0.6.1-0 <0.7.0-0', hasData: true }
25 silly addNameRange versions [ 'xml2json',
25 silly addNameRange   [ '0.1.0',
25 silly addNameRange     '0.1.1',
25 silly addNameRange     '0.2.0',
25 silly addNameRange     '0.2.1',
25 silly addNameRange     '0.2.2',
25 silly addNameRange     '0.2.3',
25 silly addNameRange     '0.2.4',
25 silly addNameRange     '0.3.0',
25 silly addNameRange     '0.3.1',
25 silly addNameRange     '0.3.2',
25 silly addNameRange     '0.4.0',
25 silly addNameRange     '0.5.0',
25 silly addNameRange     '0.5.1',
25 silly addNameRange     '0.6.0',
25 silly addNameRange     '0.6.1' ] ]
26 verbose addNamed [ 'xml2json', '0.6.1' ]
27 verbose addNamed [ '0.6.1', '0.6.1' ]
28 silly lockFile 93dee6f4-xml2json-0-6-1 xml2json@0.6.1
29 verbose lock xml2json@0.6.1 /home/georgi/.npm/93dee6f4-xml2json-0-6-1.lock
30 silly lockFile 93dee6f4-xml2json-0-6-1 xml2json@0.6.1
31 silly lockFile 93dee6f4-xml2json-0-6-1 xml2json@0.6.1
32 silly lockFile 814a0208-xml2json-0-6-1 xml2json@^0.6.1
33 silly lockFile 814a0208-xml2json-0-6-1 xml2json@^0.6.1
34 silly resolved [ { name: 'xml2json',
34 silly resolved     version: '0.6.1',
34 silly resolved     author: { name: 'Andrew Turley' },
34 silly resolved     email: 'aturley@buglabs.net',
34 silly resolved     description: 'Converts xml to json and vice-versa, using node-expat.',
34 silly resolved     repository:
34 silly resolved      { type: 'git',
34 silly resolved        url: 'git://github.com/buglabs/node-xml2json.git' },
34 silly resolved     main: 'index',
34 silly resolved     contributors: [ [Object] ],
34 silly resolved     dependencies: { 'node-expat': '^2.3.6' },
34 silly resolved     bin: { xml2json: 'bin/xml2json' },
34 silly resolved     readme: '# Simple XML2JSON Parser\n[![Gitter](https://badges.gitter.im/Join Chat.svg)](https://gitter.im/buglabs/node-xml2json?utm_source=badge&utm_medium=badge&utm_campaign=pr-badge&utm_content=badge)\n\nIt does not parse the following elements:\n\n* CDATA sections (*)\n* Processing instructions\n* XML declarations\n* Entity declarations\n* Comments\n\nThis module uses node-expat which will require extra steps if you want to get it installed on Windows. Please\nrefer to its documentation at http://node-xmpp.github.io/doc/nodeexpat.html#toc_6\n\n## Installation\n```\n$ npm install xml2json\n```\n\n## Usage\n```javascript\nvar parser = require(\'xml2json\');\n\nvar xml = "<foo>bar</foo>";\nvar json = parser.toJson(xml); //returns a string containing the JSON structure by default\nconsole.log(json);\n```\n## API\n\n```javascript\nparser.toJson(xml, options);\n```\n```javascript\nparser.toXml(json);\n```\n\n### Options object for `toJson`\n\nDefault values:\n```javascript\nvar options = {\n    object: false,\n    reversible: false,\n    coerce: true,\n    sanitize: true,\n    trim: true,\n    arrayNotation: false\n};\n```\n\n* **object:** Returns a Javascript object instead of a JSON string\n* **reversible:** Makes the JSON reversible to XML (*)\n* **coerce:** Makes type coercion. i.e.: numbers and booleans present in attributes and element values are converted from string to its correspondent data types.\n* **trim:** Removes leading and trailing whitespaces as well as line terminators in element values.\n* **arrayNotation:** XML child nodes are always treated as arrays\n* **sanitize:** Sanitizes the following characters present in element values:\n\n```javascript\nvar chars =  {\n    \'<\': \'&lt;\',\n    \'>\': \'&gt;\',\n    \'(\': \'&#40;\',\n    \')\': \'&#41;\',\n    \'#\': \'&#35;\',\n    \'&\': \'&amp;\',\n    \'"\': \'&quot;\',\n    "\'": \'&apos;\'\n};\n```\n\n### Options object for `toXml`\n\nDefault values:\n```javascript\nvar options = {\n    sanitize: false\n};\n```\n\n`sanitize: false` is the default option to behave like previous versions\n\n\n(*) xml2json tranforms CDATA content to JSON, but it doesn\'t generate a reversible structure.\n\n## License\n(The MIT License)\n\nCopyright 2014 BugLabs. All rights reserved.\n\nPermission is hereby granted, free of charge, to any person obtaining a copy\nof this software and associated documentation files (the "Software"), to\ndeal in the Software without restriction, including without limitation the\nrights to use, copy, modify, merge, publish, distribute, sublicense, and/or\nsell copies of the Software, and to permit persons to whom the Software is\nfurnished to do so, subject to the following conditions:\n\nThe above copyright notice and this permission notice shall be included in\nall copies or substantial portions of the Software.\n\nTHE SOFTWARE IS PROVIDED "AS IS", WITHOUT WARRANTY OF ANY KIND, EXPRESS OR\nIMPLIED, INCLUDING BUT NOT LIMITED TO THE WARRANTIES OF MERCHANTABILITY,\nFITNESS FOR A PARTICULAR PURPOSE AND NONINFRINGEMENT. IN NO EVENT SHALL THE\nAUTHORS OR COPYRIGHT HOLDERS BE LIABLE FOR ANY CLAIM, DAMAGES OR OTHER\nLIABILITY, WHETHER IN AN ACTION OF CONTRACT, TORT OR OTHERWISE, ARISING\nFROM, OUT OF OR IN CONNECTION WITH THE SOFTWARE OR THE USE OR OTHER DEALINGS\nIN THE SOFTWARE.\n',
34 silly resolved     readmeFilename: 'README.md',
34 silly resolved     bugs: { url: 'https://github.com/buglabs/node-xml2json/issues' },
34 silly resolved     homepage: 'https://github.com/buglabs/node-xml2json',
34 silly resolved     _id: 'xml2json@0.6.1',
34 silly resolved     _from: 'xml2json@^0.6.1' } ]
35 info install xml2json@0.6.1 into /home/georgi/hackfmi5/hackfmi5-paperjam/web/MountainTracker
36 info installOne xml2json@0.6.1
37 info /home/georgi/hackfmi5/hackfmi5-paperjam/web/MountainTracker/node_modules/xml2json unbuild
38 verbose tar unpack /home/georgi/.npm/xml2json/0.6.1/package.tgz
39 silly lockFile 8f2b5b93-ainTracker-node-modules-xml2json tar:///home/georgi/hackfmi5/hackfmi5-paperjam/web/MountainTracker/node_modules/xml2json
40 verbose lock tar:///home/georgi/hackfmi5/hackfmi5-paperjam/web/MountainTracker/node_modules/xml2json /home/georgi/.npm/8f2b5b93-ainTracker-node-modules-xml2json.lock
41 silly lockFile 2fa1d78e-i-npm-xml2json-0-6-1-package-tgz tar:///home/georgi/.npm/xml2json/0.6.1/package.tgz
42 verbose lock tar:///home/georgi/.npm/xml2json/0.6.1/package.tgz /home/georgi/.npm/2fa1d78e-i-npm-xml2json-0-6-1-package-tgz.lock
43 silly gunzTarPerm modes [ '755', '644' ]
44 silly gunzTarPerm extractEntry package.json
45 silly gunzTarPerm extractEntry .npmignore
46 silly gunzTarPerm extractEntry README.md
47 silly gunzTarPerm extractEntry index.js
48 silly gunzTarPerm extractEntry t.js
49 silly gunzTarPerm extractEntry .editorconfig
50 silly gunzTarPerm extractEntry Makefile
51 silly gunzTarPerm extractEntry bin/xml2json
52 silly gunzTarPerm extractEntry lib/index.js
53 silly gunzTarPerm extractEntry lib/json2xml.js
54 silly gunzTarPerm extractEntry lib/sanitize.js
55 silly gunzTarPerm extractEntry lib/xml2json.js
56 silly gunzTarPerm extractEntry test/.npmignore
57 silly gunzTarPerm extractEntry test/coerce-overhead.js
58 silly gunzTarPerm extractEntry test/test-array-notation.js
59 silly gunzTarPerm extractEntry test/test-coerce.js
60 silly gunzTarPerm extractEntry test/test-reorder.js
61 silly gunzTarPerm extractEntry test/test-space.js
62 silly gunzTarPerm extractEntry test/test-xmlsanitize.js
63 silly gunzTarPerm extractEntry test/test.js
64 silly gunzTarPerm extractEntry test/fixtures/large.json
65 silly gunzTarPerm extractEntry test/fixtures/array-notation.json
66 silly gunzTarPerm extractEntry test/fixtures/coerce.json
67 silly gunzTarPerm extractEntry test/fixtures/coerce.xml
68 silly gunzTarPerm extractEntry test/fixtures/domain-reversible.json
69 silly gunzTarPerm extractEntry test/fixtures/domain.json
70 silly gunzTarPerm extractEntry test/fixtures/domain.xml
71 silly gunzTarPerm extractEntry test/fixtures/array-notation.xml
72 silly gunzTarPerm extractEntry test/fixtures/large.xml
73 silly gunzTarPerm extractEntry test/fixtures/reorder.json
74 silly gunzTarPerm extractEntry test/fixtures/reorder.xml
75 silly gunzTarPerm extractEntry test/fixtures/spacetext.json
76 silly gunzTarPerm extractEntry test/fixtures/spacetext.xml
77 silly gunzTarPerm extractEntry test/fixtures/xmlsanitize.json
78 silly gunzTarPerm extractEntry test/fixtures/xmlsanitize.xml
79 silly lockFile 8f2b5b93-ainTracker-node-modules-xml2json tar:///home/georgi/hackfmi5/hackfmi5-paperjam/web/MountainTracker/node_modules/xml2json
80 silly lockFile 8f2b5b93-ainTracker-node-modules-xml2json tar:///home/georgi/hackfmi5/hackfmi5-paperjam/web/MountainTracker/node_modules/xml2json
81 silly lockFile 2fa1d78e-i-npm-xml2json-0-6-1-package-tgz tar:///home/georgi/.npm/xml2json/0.6.1/package.tgz
82 silly lockFile 2fa1d78e-i-npm-xml2json-0-6-1-package-tgz tar:///home/georgi/.npm/xml2json/0.6.1/package.tgz
83 info preinstall xml2json@0.6.1
84 verbose readDependencies using package.json deps
85 verbose readDependencies using package.json deps
86 verbose cache add [ 'node-expat@^2.3.6', null ]
87 verbose cache add name=undefined spec="node-expat@^2.3.6" args=["node-expat@^2.3.6",null]
88 verbose parsed url { protocol: null,
88 verbose parsed url   slashes: null,
88 verbose parsed url   auth: null,
88 verbose parsed url   host: null,
88 verbose parsed url   port: null,
88 verbose parsed url   hostname: null,
88 verbose parsed url   hash: null,
88 verbose parsed url   search: null,
88 verbose parsed url   query: null,
88 verbose parsed url   pathname: 'node-expat@^2.3.6',
88 verbose parsed url   path: 'node-expat@^2.3.6',
88 verbose parsed url   href: 'node-expat@^2.3.6' }
89 verbose cache add name="node-expat" spec="^2.3.6" args=["node-expat","^2.3.6"]
90 verbose parsed url { protocol: null,
90 verbose parsed url   slashes: null,
90 verbose parsed url   auth: null,
90 verbose parsed url   host: null,
90 verbose parsed url   port: null,
90 verbose parsed url   hostname: null,
90 verbose parsed url   hash: null,
90 verbose parsed url   search: null,
90 verbose parsed url   query: null,
90 verbose parsed url   pathname: '^2.3.6',
90 verbose parsed url   path: '^2.3.6',
90 verbose parsed url   href: '^2.3.6' }
91 verbose addNamed [ 'node-expat', '^2.3.6' ]
92 verbose addNamed [ null, '>=2.3.6-0 <3.0.0-0' ]
93 silly lockFile 24808784-node-expat-2-3-6 node-expat@^2.3.6
94 verbose lock node-expat@^2.3.6 /home/georgi/.npm/24808784-node-expat-2-3-6.lock
95 silly addNameRange { name: 'node-expat',
95 silly addNameRange   range: '>=2.3.6-0 <3.0.0-0',
95 silly addNameRange   hasData: false }
96 verbose url raw node-expat
97 verbose url resolving [ 'https://registry.npmjs.org/', './node-expat' ]
98 verbose url resolved https://registry.npmjs.org/node-expat
99 info trying registry request attempt 1 at 13:03:26
100 verbose etag "84XBLJS8OWRKWEQDIQ1RV9TQD"
101 http GET https://registry.npmjs.org/node-expat
102 http 304 https://registry.npmjs.org/node-expat
103 silly registry.get cb [ 304,
103 silly registry.get   { date: 'Sat, 25 Apr 2015 10:03:26 GMT',
103 silly registry.get     server: 'Apache',
103 silly registry.get     via: '1.1 varnish',
103 silly registry.get     'last-modified': 'Sat, 25 Apr 2015 10:03:26 GMT',
103 silly registry.get     'cache-control': 'max-age=60',
103 silly registry.get     etag: '"84XBLJS8OWRKWEQDIQ1RV9TQD"',
103 silly registry.get     age: '0',
103 silly registry.get     'x-served-by': 'cache-ams4130-AMS',
103 silly registry.get     'x-cache': 'HIT',
103 silly registry.get     'x-cache-hits': '1',
103 silly registry.get     'x-timer': 'S1429956206.738971,VS0,VE162',
103 silly registry.get     vary: 'Accept',
103 silly registry.get     'content-length': '0',
103 silly registry.get     'keep-alive': 'timeout=10, max=50',
103 silly registry.get     connection: 'Keep-Alive' } ]
104 verbose etag node-expat from cache
105 silly addNameRange number 2 { name: 'node-expat',
105 silly addNameRange   range: '>=2.3.6-0 <3.0.0-0',
105 silly addNameRange   hasData: true }
106 silly addNameRange versions [ 'node-expat',
106 silly addNameRange   [ '0.0.4',
106 silly addNameRange     '0.0.5',
106 silly addNameRange     '0.0.6',
106 silly addNameRange     '1.0.0',
106 silly addNameRange     '1.0.1',
106 silly addNameRange     '1.1.0',
106 silly addNameRange     '1.1.1',
106 silly addNameRange     '1.2.0',
106 silly addNameRange     '1.3.0',
106 silly addNameRange     '1.3.1',
106 silly addNameRange     '1.3.2',
106 silly addNameRange     '1.4.0',
106 silly addNameRange     '1.4.1',
106 silly addNameRange     '1.4.2',
106 silly addNameRange     '1.4.3',
106 silly addNameRange     '1.4.4',
106 silly addNameRange     '1.4.5',
106 silly addNameRange     '1.5.0',
106 silly addNameRange     '1.6.0',
106 silly addNameRange     '1.6.1',
106 silly addNameRange     '2.0.0',
106 silly addNameRange     '2.1.0',
106 silly addNameRange     '2.1.1',
106 silly addNameRange     '2.1.2',
106 silly addNameRange     '2.1.3',
106 silly addNameRange     '2.1.4',
106 silly addNameRange     '2.2.0',
106 silly addNameRange     '2.3.0',
106 silly addNameRange     '2.3.1',
106 silly addNameRange     '2.3.2',
106 silly addNameRange     '2.3.3',
106 silly addNameRange     '2.3.4',
106 silly addNameRange     '2.3.5',
106 silly addNameRange     '2.3.6',
106 silly addNameRange     '2.3.7' ] ]
107 verbose addNamed [ 'node-expat', '2.3.7' ]
108 verbose addNamed [ '2.3.7', '2.3.7' ]
109 silly lockFile 84ec7628-node-expat-2-3-7 node-expat@2.3.7
110 verbose lock node-expat@2.3.7 /home/georgi/.npm/84ec7628-node-expat-2-3-7.lock
111 silly lockFile 84ec7628-node-expat-2-3-7 node-expat@2.3.7
112 silly lockFile 84ec7628-node-expat-2-3-7 node-expat@2.3.7
113 silly lockFile 24808784-node-expat-2-3-6 node-expat@^2.3.6
114 silly lockFile 24808784-node-expat-2-3-6 node-expat@^2.3.6
115 silly resolved [ { name: 'node-expat',
115 silly resolved     version: '2.3.7',
115 silly resolved     main: './lib/node-expat',
115 silly resolved     description: 'NodeJS binding for fast XML parsing.',
115 silly resolved     keywords: [ 'xml', 'sax', 'expat', 'libexpat', 'parse', 'parsing' ],
115 silly resolved     scripts:
115 silly resolved      { test: 'vows --spec ./test/**/*.js',
115 silly resolved        install: 'node-gyp rebuild' },
115 silly resolved     dependencies:
115 silly resolved      { bindings: '~1.2.1',
115 silly resolved        debug: '~2.1.0',
115 silly resolved        iconv: '~2.1.5',
115 silly resolved        nan: '~1.7.0' },
115 silly resolved     devDependencies: { vows: '>=0.5.12' },
115 silly resolved     repository:
115 silly resolved      { type: 'git',
115 silly resolved        url: 'https://github.com/node-xmpp/node-expat.git' },
115 silly resolved     homepage: 'http://node-xmpp.github.io/doc/nodeexpat.html',
115 silly resolved     bugs: { url: 'https://github.com/node-xmpp/node-expat/issues' },
115 silly resolved     author:
115 silly resolved      { name: 'Astro',
115 silly resolved        email: 'astro@spaceboyz.net',
115 silly resolved        url: 'http://spaceboyz.net/~astro/' },
115 silly resolved     maintainers: [ [Object] ],
115 silly resolved     contributors:
115 silly resolved      [ [Object],
115 silly resolved        [Object],
115 silly resolved        [Object],
115 silly resolved        [Object],
115 silly resolved        [Object],
115 silly resolved        [Object],
115 silly resolved        [Object],
115 silly resolved        [Object],
115 silly resolved        [Object],
115 silly resolved        [Object],
115 silly resolved        [Object],
115 silly resolved        [Object],
115 silly resolved        [Object] ],
115 silly resolved     licenses: [ [Object] ],
115 silly resolved     engines: { node: '>=0.8' },
115 silly resolved     gypfile: true,
115 silly resolved     readme: '# node-expat \n\n[![Build Status](https://travis-ci.org/node-xmpp/node-expat.png)](https://travis-ci.org/node-xmpp/node-expat)\n\n## Motivation \n\nYou use [node.js](http://github.com/ry/node) for speed? You process\nXML streams? Then you want the fastest XML parser: [libexpat](http://expat.sourceforge.net/)!\n\n## Manual\n\nPlease see the [node-expat manual](http://node-xmpp.org/doc/expat.html)\n\n## Install \n\nInstall node-expat:\n\n```\n    npm i node-expat\n```\n\n## Testing\n\n```\nnpm test\n```\n\n',
115 silly resolved     readmeFilename: 'README.markdown',
115 silly resolved     _id: 'node-expat@2.3.7',
115 silly resolved     _from: 'node-expat@^2.3.6' } ]
116 info install node-expat@2.3.7 into /home/georgi/hackfmi5/hackfmi5-paperjam/web/MountainTracker/node_modules/xml2json
117 info installOne node-expat@2.3.7
118 info /home/georgi/hackfmi5/hackfmi5-paperjam/web/MountainTracker/node_modules/xml2json/node_modules/node-expat unbuild
119 verbose tar unpack /home/georgi/.npm/node-expat/2.3.7/package.tgz
120 silly lockFile 91f429c8-xml2json-node-modules-node-expat tar:///home/georgi/hackfmi5/hackfmi5-paperjam/web/MountainTracker/node_modules/xml2json/node_modules/node-expat
121 verbose lock tar:///home/georgi/hackfmi5/hackfmi5-paperjam/web/MountainTracker/node_modules/xml2json/node_modules/node-expat /home/georgi/.npm/91f429c8-xml2json-node-modules-node-expat.lock
122 silly lockFile 9108eeb9-npm-node-expat-2-3-7-package-tgz tar:///home/georgi/.npm/node-expat/2.3.7/package.tgz
123 verbose lock tar:///home/georgi/.npm/node-expat/2.3.7/package.tgz /home/georgi/.npm/9108eeb9-npm-node-expat-2-3-7-package-tgz.lock
124 silly gunzTarPerm modes [ '755', '644' ]
125 silly gunzTarPerm extractEntry package.json
126 silly gunzTarPerm extractEntry .npmignore
127 silly gunzTarPerm extractEntry LICENSE
128 silly gunzTarPerm extractEntry bench.js
129 silly gunzTarPerm extractEntry test/index.js
130 silly gunzTarPerm extractEntry test/mystic-library.xml
131 silly gunzTarPerm extractEntry .travis.yml
132 silly gunzTarPerm extractEntry deps/libexpat/README
133 silly gunzTarPerm extractEntry deps/libexpat/doc/expat.png
134 silly gunzTarPerm extractEntry deps/libexpat/doc/reference.html
135 silly gunzTarPerm extractEntry deps/libexpat/doc/style.css
136 silly gunzTarPerm extractEntry deps/libexpat/doc/valid-xhtml10.png
137 silly gunzTarPerm extractEntry deps/libexpat/doc/xmlwf.1
138 silly gunzTarPerm extractEntry deps/libexpat/doc/xmlwf.sgml
139 silly gunzTarPerm extractEntry deps/libexpat/COPYING
140 silly gunzTarPerm extractEntry deps/libexpat/Changes
141 silly gunzTarPerm extractEntry deps/libexpat/ConfigureChecks.cmake
142 silly gunzTarPerm extractEntry deps/libexpat/MANIFEST
143 silly gunzTarPerm extractEntry deps/libexpat/Makefile.in
144 silly gunzTarPerm extractEntry deps/libexpat/CMake.README
145 silly gunzTarPerm extractEntry deps/libexpat/aclocal.m4
146 silly gunzTarPerm extractEntry deps/libexpat/amiga/expat_68k_handler_stubs.c
147 silly gunzTarPerm extractEntry deps/libexpat/amiga/Makefile
148 silly gunzTarPerm extractEntry deps/libexpat/amiga/expat.xml
149 silly gunzTarPerm extractEntry deps/libexpat/amiga/expat_68k.c
150 silly gunzTarPerm extractEntry deps/libexpat/amiga/expat_68k.h
151 silly gunzTarPerm extractEntry deps/libexpat/amiga/README.txt
152 silly gunzTarPerm extractEntry deps/libexpat/amiga/expat_base.h
153 silly gunzTarPerm extractEntry deps/libexpat/amiga/expat_lib.c
154 silly gunzTarPerm extractEntry deps/libexpat/amiga/expat_vectors.c
155 silly gunzTarPerm extractEntry deps/libexpat/amiga/include/inline4/expat.h
156 silly gunzTarPerm extractEntry deps/libexpat/amiga/include/interfaces/expat.h
157 silly gunzTarPerm extractEntry deps/libexpat/amiga/include/libraries/expat.h
158 silly gunzTarPerm extractEntry deps/libexpat/amiga/include/proto/expat.h
159 silly gunzTarPerm extractEntry deps/libexpat/amiga/launch.c
160 silly gunzTarPerm extractEntry deps/libexpat/bcb5/expatw.mak
161 silly gunzTarPerm extractEntry deps/libexpat/bcb5/README.txt
162 silly gunzTarPerm extractEntry deps/libexpat/bcb5/elements.bpf
163 silly gunzTarPerm extractEntry deps/libexpat/bcb5/elements.bpr
164 silly gunzTarPerm extractEntry deps/libexpat/bcb5/elements.mak
165 silly gunzTarPerm extractEntry deps/libexpat/bcb5/expat.bpf
166 silly gunzTarPerm extractEntry deps/libexpat/bcb5/expat.bpr
167 silly gunzTarPerm extractEntry deps/libexpat/bcb5/expat.mak
168 silly gunzTarPerm extractEntry deps/libexpat/bcb5/expat_static.bpf
169 silly gunzTarPerm extractEntry deps/libexpat/bcb5/expat_static.bpr
170 silly gunzTarPerm extractEntry deps/libexpat/bcb5/expat_static.mak
171 silly gunzTarPerm extractEntry deps/libexpat/bcb5/expatw.bpf
172 silly gunzTarPerm extractEntry deps/libexpat/bcb5/expatw.bpr
173 silly gunzTarPerm extractEntry deps/libexpat/bcb5/all_projects.bpg
174 silly gunzTarPerm extractEntry deps/libexpat/bcb5/expatw_static.bpf
175 silly gunzTarPerm extractEntry deps/libexpat/bcb5/expatw_static.bpr
176 silly gunzTarPerm extractEntry deps/libexpat/bcb5/expatw_static.mak
177 silly gunzTarPerm extractEntry deps/libexpat/bcb5/libexpat_mtd.def
178 silly gunzTarPerm extractEntry deps/libexpat/bcb5/libexpatw_mtd.def
179 silly gunzTarPerm extractEntry deps/libexpat/bcb5/makefile.mak
180 silly gunzTarPerm extractEntry deps/libexpat/bcb5/outline.bpf
181 silly gunzTarPerm extractEntry deps/libexpat/bcb5/outline.bpr
182 silly gunzTarPerm extractEntry deps/libexpat/bcb5/outline.mak
183 silly gunzTarPerm extractEntry deps/libexpat/bcb5/setup.bat
184 silly gunzTarPerm extractEntry deps/libexpat/bcb5/xmlwf.bpf
185 silly gunzTarPerm extractEntry deps/libexpat/bcb5/xmlwf.bpr
186 silly gunzTarPerm extractEntry deps/libexpat/bcb5/xmlwf.mak
187 silly gunzTarPerm extractEntry deps/libexpat/configure
188 silly gunzTarPerm extractEntry deps/libexpat/configure.in
189 silly gunzTarPerm extractEntry deps/libexpat/conftools/PrintPath
190 silly gunzTarPerm extractEntry deps/libexpat/conftools/ac_c_bigendian_cross.m4
191 silly gunzTarPerm extractEntry deps/libexpat/conftools/config.guess
192 silly gunzTarPerm extractEntry deps/libexpat/conftools/config.sub
193 silly gunzTarPerm extractEntry deps/libexpat/conftools/expat.m4
194 silly gunzTarPerm extractEntry deps/libexpat/conftools/get-version.sh
195 silly gunzTarPerm extractEntry deps/libexpat/conftools/install-sh
196 silly gunzTarPerm extractEntry deps/libexpat/conftools/ltmain.sh
197 silly gunzTarPerm extractEntry deps/libexpat/conftools/mkinstalldirs
198 silly gunzTarPerm extractEntry deps/libexpat/CMakeLists.txt
199 silly gunzTarPerm extractEntry deps/libexpat/examples/elements.c
200 silly gunzTarPerm extractEntry deps/libexpat/examples/elements.dsp
201 silly gunzTarPerm extractEntry deps/libexpat/examples/outline.c
202 silly gunzTarPerm extractEntry deps/libexpat/examples/outline.dsp
203 silly gunzTarPerm extractEntry deps/libexpat/expat.dsw
204 silly gunzTarPerm extractEntry deps/libexpat/expat.pc.in
205 silly gunzTarPerm extractEntry deps/libexpat/expat_config.h
206 silly gunzTarPerm extractEntry deps/libexpat/expat_config.h.cmake
207 silly gunzTarPerm extractEntry deps/libexpat/expat_config.h.in
208 silly gunzTarPerm extractEntry deps/libexpat/lib/libexpat.def
209 silly gunzTarPerm extractEntry deps/libexpat/lib/Makefile.MPW
210 silly gunzTarPerm extractEntry deps/libexpat/lib/ascii.h
211 silly gunzTarPerm extractEntry deps/libexpat/lib/asciitab.h
212 silly gunzTarPerm extractEntry deps/libexpat/lib/expat.dsp
213 silly gunzTarPerm extractEntry deps/libexpat/lib/expat.h
214 silly gunzTarPerm extractEntry deps/libexpat/lib/expat_external.h
215 silly gunzTarPerm extractEntry deps/libexpat/lib/expat_static.dsp
216 silly gunzTarPerm extractEntry deps/libexpat/lib/expatw.dsp
217 silly gunzTarPerm extractEntry deps/libexpat/lib/expatw_static.dsp
218 silly gunzTarPerm extractEntry deps/libexpat/lib/iasciitab.h
219 silly gunzTarPerm extractEntry deps/libexpat/lib/internal.h
220 silly gunzTarPerm extractEntry deps/libexpat/lib/latin1tab.h
221 silly gunzTarPerm extractEntry deps/libexpat/lib/amigaconfig.h
222 silly gunzTarPerm extractEntry deps/libexpat/lib/libexpatw.def
223 silly gunzTarPerm extractEntry deps/libexpat/lib/macconfig.h
224 silly gunzTarPerm extractEntry deps/libexpat/lib/nametab.h
225 silly gunzTarPerm extractEntry deps/libexpat/lib/utf8tab.h
226 silly gunzTarPerm extractEntry deps/libexpat/lib/winconfig.h
227 silly gunzTarPerm extractEntry deps/libexpat/lib/xmlparse.c
228 silly gunzTarPerm extractEntry deps/libexpat/lib/xmlrole.c
229 silly gunzTarPerm extractEntry deps/libexpat/lib/xmlrole.h
230 silly gunzTarPerm extractEntry deps/libexpat/lib/xmltok.c
231 silly gunzTarPerm extractEntry deps/libexpat/lib/xmltok.h
232 silly gunzTarPerm extractEntry deps/libexpat/lib/xmltok_impl.c
233 silly gunzTarPerm extractEntry deps/libexpat/lib/xmltok_impl.h
234 silly gunzTarPerm extractEntry deps/libexpat/lib/xmltok_ns.c
235 silly gunzTarPerm extractEntry deps/libexpat/libexpat.gyp
236 silly gunzTarPerm extractEntry deps/libexpat/m4/libtool.m4
237 silly gunzTarPerm extractEntry deps/libexpat/m4/ltoptions.m4
238 silly gunzTarPerm extractEntry deps/libexpat/m4/ltsugar.m4
239 silly gunzTarPerm extractEntry deps/libexpat/m4/ltversion.m4
240 silly gunzTarPerm extractEntry deps/libexpat/m4/lt~obsolete.m4
241 silly gunzTarPerm extractEntry deps/libexpat/tests/README.txt
242 silly gunzTarPerm extractEntry deps/libexpat/tests/benchmark/README.txt
243 silly gunzTarPerm extractEntry deps/libexpat/tests/benchmark/benchmark.c
244 silly gunzTarPerm extractEntry deps/libexpat/tests/benchmark/benchmark.dsp
245 silly gunzTarPerm extractEntry deps/libexpat/tests/benchmark/benchmark.dsw
246 silly gunzTarPerm extractEntry deps/libexpat/tests/chardata.c
247 silly gunzTarPerm extractEntry deps/libexpat/tests/chardata.h
248 silly gunzTarPerm extractEntry deps/libexpat/tests/minicheck.c
249 silly gunzTarPerm extractEntry deps/libexpat/tests/minicheck.h
250 silly gunzTarPerm extractEntry deps/libexpat/tests/runtests.c
251 silly gunzTarPerm extractEntry deps/libexpat/tests/runtestspp.cpp
252 silly gunzTarPerm extractEntry deps/libexpat/tests/xmltest.sh
253 silly gunzTarPerm extractEntry deps/libexpat/version.c
254 silly gunzTarPerm extractEntry deps/libexpat/vms/README.vms
255 silly gunzTarPerm extractEntry deps/libexpat/vms/descrip.mms
256 silly gunzTarPerm extractEntry deps/libexpat/vms/expat_config.h
257 silly gunzTarPerm extractEntry deps/libexpat/win32/MANIFEST.txt
258 silly gunzTarPerm extractEntry deps/libexpat/win32/README.txt
259 silly gunzTarPerm extractEntry deps/libexpat/win32/expat.iss
260 silly gunzTarPerm extractEntry deps/libexpat/xmlwf/xmlfile.h
261 silly gunzTarPerm extractEntry deps/libexpat/xmlwf/codepage.c
262 silly gunzTarPerm extractEntry deps/libexpat/xmlwf/ct.c
263 silly gunzTarPerm extractEntry deps/libexpat/xmlwf/filemap.h
264 silly gunzTarPerm extractEntry deps/libexpat/xmlwf/readfilemap.c
265 silly gunzTarPerm extractEntry deps/libexpat/xmlwf/unixfilemap.c
266 silly gunzTarPerm extractEntry deps/libexpat/xmlwf/win32filemap.c
267 silly gunzTarPerm extractEntry deps/libexpat/xmlwf/xmlfile.c
268 silly gunzTarPerm extractEntry deps/libexpat/xmlwf/codepage.h
269 silly gunzTarPerm extractEntry deps/libexpat/xmlwf/xmlmime.c
270 silly gunzTarPerm extractEntry deps/libexpat/xmlwf/xmlmime.h
271 silly gunzTarPerm extractEntry deps/libexpat/xmlwf/xmltchar.h
272 silly gunzTarPerm extractEntry deps/libexpat/xmlwf/xmlurl.h
273 silly gunzTarPerm extractEntry deps/libexpat/xmlwf/xmlwf.c
274 silly gunzTarPerm extractEntry deps/libexpat/xmlwf/xmlwf.dsp
275 silly gunzTarPerm extractEntry deps/libexpat/xmlwf/xmlwin32url.cxx
276 silly gunzTarPerm extractEntry lib/node-expat.js
277 silly gunzTarPerm extractEntry node-expat.cc
278 silly gunzTarPerm extractEntry README.markdown
279 silly gunzTarPerm extractEntry binding.gyp
280 silly lockFile 91f429c8-xml2json-node-modules-node-expat tar:///home/georgi/hackfmi5/hackfmi5-paperjam/web/MountainTracker/node_modules/xml2json/node_modules/node-expat
281 silly lockFile 91f429c8-xml2json-node-modules-node-expat tar:///home/georgi/hackfmi5/hackfmi5-paperjam/web/MountainTracker/node_modules/xml2json/node_modules/node-expat
282 silly lockFile 9108eeb9-npm-node-expat-2-3-7-package-tgz tar:///home/georgi/.npm/node-expat/2.3.7/package.tgz
283 silly lockFile 9108eeb9-npm-node-expat-2-3-7-package-tgz tar:///home/georgi/.npm/node-expat/2.3.7/package.tgz
284 info preinstall node-expat@2.3.7
285 verbose readDependencies using package.json deps
286 verbose readDependencies using package.json deps
287 verbose cache add [ 'bindings@~1.2.1', null ]
288 verbose cache add name=undefined spec="bindings@~1.2.1" args=["bindings@~1.2.1",null]
289 verbose parsed url { protocol: null,
289 verbose parsed url   slashes: null,
289 verbose parsed url   auth: null,
289 verbose parsed url   host: null,
289 verbose parsed url   port: null,
289 verbose parsed url   hostname: null,
289 verbose parsed url   hash: null,
289 verbose parsed url   search: null,
289 verbose parsed url   query: null,
289 verbose parsed url   pathname: 'bindings@~1.2.1',
289 verbose parsed url   path: 'bindings@~1.2.1',
289 verbose parsed url   href: 'bindings@~1.2.1' }
290 verbose cache add [ 'iconv@~2.1.5', null ]
291 verbose cache add name=undefined spec="iconv@~2.1.5" args=["iconv@~2.1.5",null]
292 verbose parsed url { protocol: null,
292 verbose parsed url   slashes: null,
292 verbose parsed url   auth: null,
292 verbose parsed url   host: null,
292 verbose parsed url   port: null,
292 verbose parsed url   hostname: null,
292 verbose parsed url   hash: null,
292 verbose parsed url   search: null,
292 verbose parsed url   query: null,
292 verbose parsed url   pathname: 'iconv@~2.1.5',
292 verbose parsed url   path: 'iconv@~2.1.5',
292 verbose parsed url   href: 'iconv@~2.1.5' }
293 verbose cache add name="bindings" spec="~1.2.1" args=["bindings","~1.2.1"]
294 verbose parsed url { protocol: null,
294 verbose parsed url   slashes: null,
294 verbose parsed url   auth: null,
294 verbose parsed url   host: null,
294 verbose parsed url   port: null,
294 verbose parsed url   hostname: null,
294 verbose parsed url   hash: null,
294 verbose parsed url   search: null,
294 verbose parsed url   query: null,
294 verbose parsed url   pathname: '~1.2.1',
294 verbose parsed url   path: '~1.2.1',
294 verbose parsed url   href: '~1.2.1' }
295 verbose addNamed [ 'bindings', '~1.2.1' ]
296 verbose addNamed [ null, '>=1.2.1-0 <1.3.0-0' ]
297 silly lockFile b7a61b57-bindings-1-2-1 bindings@~1.2.1
298 verbose lock bindings@~1.2.1 /home/georgi/.npm/b7a61b57-bindings-1-2-1.lock
299 verbose cache add name="iconv" spec="~2.1.5" args=["iconv","~2.1.5"]
300 verbose parsed url { protocol: null,
300 verbose parsed url   slashes: null,
300 verbose parsed url   auth: null,
300 verbose parsed url   host: null,
300 verbose parsed url   port: null,
300 verbose parsed url   hostname: null,
300 verbose parsed url   hash: null,
300 verbose parsed url   search: null,
300 verbose parsed url   query: null,
300 verbose parsed url   pathname: '~2.1.5',
300 verbose parsed url   path: '~2.1.5',
300 verbose parsed url   href: '~2.1.5' }
301 verbose addNamed [ 'iconv', '~2.1.5' ]
302 verbose addNamed [ null, '>=2.1.5-0 <2.2.0-0' ]
303 silly lockFile 5b6a70f7-iconv-2-1-5 iconv@~2.1.5
304 verbose lock iconv@~2.1.5 /home/georgi/.npm/5b6a70f7-iconv-2-1-5.lock
305 verbose cache add [ 'nan@~1.7.0', null ]
306 verbose cache add name=undefined spec="nan@~1.7.0" args=["nan@~1.7.0",null]
307 verbose parsed url { protocol: null,
307 verbose parsed url   slashes: null,
307 verbose parsed url   auth: null,
307 verbose parsed url   host: null,
307 verbose parsed url   port: null,
307 verbose parsed url   hostname: null,
307 verbose parsed url   hash: null,
307 verbose parsed url   search: null,
307 verbose parsed url   query: null,
307 verbose parsed url   pathname: 'nan@~1.7.0',
307 verbose parsed url   path: 'nan@~1.7.0',
307 verbose parsed url   href: 'nan@~1.7.0' }
308 verbose cache add name="nan" spec="~1.7.0" args=["nan","~1.7.0"]
309 verbose parsed url { protocol: null,
309 verbose parsed url   slashes: null,
309 verbose parsed url   auth: null,
309 verbose parsed url   host: null,
309 verbose parsed url   port: null,
309 verbose parsed url   hostname: null,
309 verbose parsed url   hash: null,
309 verbose parsed url   search: null,
309 verbose parsed url   query: null,
309 verbose parsed url   pathname: '~1.7.0',
309 verbose parsed url   path: '~1.7.0',
309 verbose parsed url   href: '~1.7.0' }
310 verbose addNamed [ 'nan', '~1.7.0' ]
311 verbose addNamed [ null, '>=1.7.0-0 <1.8.0-0' ]
312 silly lockFile 4ba6bcd4-nan-1-7-0 nan@~1.7.0
313 verbose lock nan@~1.7.0 /home/georgi/.npm/4ba6bcd4-nan-1-7-0.lock
314 silly addNameRange { name: 'bindings', range: '>=1.2.1-0 <1.3.0-0', hasData: false }
315 silly addNameRange { name: 'iconv', range: '>=2.1.5-0 <2.2.0-0', hasData: false }
316 silly addNameRange { name: 'nan', range: '>=1.7.0-0 <1.8.0-0', hasData: false }
317 verbose url raw bindings
318 verbose url resolving [ 'https://registry.npmjs.org/', './bindings' ]
319 verbose url resolved https://registry.npmjs.org/bindings
320 info trying registry request attempt 1 at 13:03:27
321 verbose etag "5997G8NY1OJEMZ1HNHL7VBX5J"
322 http GET https://registry.npmjs.org/bindings
323 verbose url raw iconv
324 verbose url resolving [ 'https://registry.npmjs.org/', './iconv' ]
325 verbose url resolved https://registry.npmjs.org/iconv
326 info trying registry request attempt 1 at 13:03:27
327 verbose etag "DJAKFG39Y1H2BVV98X0E6Z00E"
328 http GET https://registry.npmjs.org/iconv
329 verbose url raw nan
330 verbose url resolving [ 'https://registry.npmjs.org/', './nan' ]
331 verbose url resolved https://registry.npmjs.org/nan
332 info trying registry request attempt 1 at 13:03:27
333 verbose etag "5LRTVQC14WJCD8RYVQAJCXI0A"
334 http GET https://registry.npmjs.org/nan
335 http 304 https://registry.npmjs.org/iconv
336 silly registry.get cb [ 304,
336 silly registry.get   { date: 'Sat, 25 Apr 2015 10:03:27 GMT',
336 silly registry.get     server: 'Apache',
336 silly registry.get     via: '1.1 varnish',
336 silly registry.get     'last-modified': 'Sat, 25 Apr 2015 10:03:27 GMT',
336 silly registry.get     'cache-control': 'max-age=60',
336 silly registry.get     etag: '"DJAKFG39Y1H2BVV98X0E6Z00E"',
336 silly registry.get     age: '0',
336 silly registry.get     'x-served-by': 'cache-ams4131-AMS',
336 silly registry.get     'x-cache': 'HIT',
336 silly registry.get     'x-cache-hits': '1',
336 silly registry.get     'x-timer': 'S1429956207.608248,VS0,VE168',
336 silly registry.get     vary: 'Accept',
336 silly registry.get     'content-length': '0',
336 silly registry.get     'keep-alive': 'timeout=10, max=50',
336 silly registry.get     connection: 'Keep-Alive' } ]
337 verbose etag iconv from cache
338 silly addNameRange number 2 { name: 'iconv', range: '>=2.1.5-0 <2.2.0-0', hasData: true }
339 silly addNameRange versions [ 'iconv',
339 silly addNameRange   [ '1.0.0',
339 silly addNameRange     '1.0.1',
339 silly addNameRange     '1.1.0',
339 silly addNameRange     '1.1.1',
339 silly addNameRange     '1.1.2',
339 silly addNameRange     '1.1.3',
339 silly addNameRange     '1.2.0',
339 silly addNameRange     '1.2.1',
339 silly addNameRange     '1.2.2',
339 silly addNameRange     '1.2.3',
339 silly addNameRange     '1.2.4',
339 silly addNameRange     '2.0.0',
339 silly addNameRange     '2.0.1',
339 silly addNameRange     '2.0.2',
339 silly addNameRange     '2.0.3',
339 silly addNameRange     '2.0.4',
339 silly addNameRange     '2.0.5',
339 silly addNameRange     '2.0.6',
339 silly addNameRange     '2.0.7',
339 silly addNameRange     '2.1.0',
339 silly addNameRange     '2.1.1',
339 silly addNameRange     '2.1.2',
339 silly addNameRange     '2.1.3',
339 silly addNameRange     '2.1.4',
339 silly addNameRange     '2.1.5',
339 silly addNameRange     '2.1.6' ] ]
340 verbose addNamed [ 'iconv', '2.1.6' ]
341 verbose addNamed [ '2.1.6', '2.1.6' ]
342 silly lockFile b64339b9-iconv-2-1-6 iconv@2.1.6
343 verbose lock iconv@2.1.6 /home/georgi/.npm/b64339b9-iconv-2-1-6.lock
344 silly lockFile b64339b9-iconv-2-1-6 iconv@2.1.6
345 silly lockFile b64339b9-iconv-2-1-6 iconv@2.1.6
346 silly lockFile 5b6a70f7-iconv-2-1-5 iconv@~2.1.5
347 silly lockFile 5b6a70f7-iconv-2-1-5 iconv@~2.1.5
348 http 304 https://registry.npmjs.org/bindings
349 silly registry.get cb [ 304,
349 silly registry.get   { date: 'Sat, 25 Apr 2015 10:03:27 GMT',
349 silly registry.get     server: 'Apache',
349 silly registry.get     via: '1.1 varnish',
349 silly registry.get     'last-modified': 'Sat, 25 Apr 2015 10:03:27 GMT',
349 silly registry.get     'cache-control': 'max-age=60',
349 silly registry.get     etag: '"5997G8NY1OJEMZ1HNHL7VBX5J"',
349 silly registry.get     age: '0',
349 silly registry.get     'x-served-by': 'cache-ams4128-AMS',
349 silly registry.get     'x-cache': 'HIT',
349 silly registry.get     'x-cache-hits': '1',
349 silly registry.get     'x-timer': 'S1429956207.605620,VS0,VE370',
349 silly registry.get     vary: 'Accept',
349 silly registry.get     'content-length': '0',
349 silly registry.get     'keep-alive': 'timeout=10, max=50',
349 silly registry.get     connection: 'Keep-Alive' } ]
350 verbose etag bindings from cache
351 silly addNameRange number 2 { name: 'bindings', range: '>=1.2.1-0 <1.3.0-0', hasData: true }
352 silly addNameRange versions [ 'bindings',
352 silly addNameRange   [ '0.0.1',
352 silly addNameRange     '0.1.0',
352 silly addNameRange     '0.1.1',
352 silly addNameRange     '0.2.0',
352 silly addNameRange     '0.2.1',
352 silly addNameRange     '0.2.2',
352 silly addNameRange     '0.2.3',
352 silly addNameRange     '0.2.4',
352 silly addNameRange     '0.3.0',
352 silly addNameRange     '0.4.0',
352 silly addNameRange     '1.0.0',
352 silly addNameRange     '1.1.0',
352 silly addNameRange     '1.1.1',
352 silly addNameRange     '1.2.0',
352 silly addNameRange     '1.2.1' ] ]
353 verbose addNamed [ 'bindings', '1.2.1' ]
354 verbose addNamed [ '1.2.1', '1.2.1' ]
355 silly lockFile e9060511-bindings-1-2-1 bindings@1.2.1
356 verbose lock bindings@1.2.1 /home/georgi/.npm/e9060511-bindings-1-2-1.lock
357 silly lockFile e9060511-bindings-1-2-1 bindings@1.2.1
358 silly lockFile e9060511-bindings-1-2-1 bindings@1.2.1
359 silly lockFile b7a61b57-bindings-1-2-1 bindings@~1.2.1
360 silly lockFile b7a61b57-bindings-1-2-1 bindings@~1.2.1
361 http 304 https://registry.npmjs.org/nan
362 silly registry.get cb [ 304,
362 silly registry.get   { date: 'Sat, 25 Apr 2015 10:03:27 GMT',
362 silly registry.get     server: 'Apache',
362 silly registry.get     via: '1.1 varnish',
362 silly registry.get     'last-modified': 'Sat, 25 Apr 2015 10:03:28 GMT',
362 silly registry.get     'cache-control': 'max-age=60',
362 silly registry.get     etag: '"5LRTVQC14WJCD8RYVQAJCXI0A"',
362 silly registry.get     age: '0',
362 silly registry.get     'x-served-by': 'cache-ams4129-AMS',
362 silly registry.get     'x-cache': 'HIT',
362 silly registry.get     'x-cache-hits': '1',
362 silly registry.get     'x-timer': 'S1429956207.615111,VS0,VE673',
362 silly registry.get     vary: 'Accept',
362 silly registry.get     'content-length': '0',
362 silly registry.get     'keep-alive': 'timeout=10, max=50',
362 silly registry.get     connection: 'Keep-Alive' } ]
363 verbose etag nan from cache
364 silly addNameRange number 2 { name: 'nan', range: '>=1.7.0-0 <1.8.0-0', hasData: true }
365 silly addNameRange versions [ 'nan',
365 silly addNameRange   [ '0.3.0-wip',
365 silly addNameRange     '0.3.0-wip2',
365 silly addNameRange     '0.3.0',
365 silly addNameRange     '0.3.1',
365 silly addNameRange     '0.3.2',
365 silly addNameRange     '0.4.0',
365 silly addNameRange     '0.4.1',
365 silly addNameRange     '0.4.2',
365 silly addNameRange     '0.4.3',
365 silly addNameRange     '0.4.4',
365 silly addNameRange     '0.5.0',
365 silly addNameRange     '0.5.1',
365 silly addNameRange     '0.5.2',
365 silly addNameRange     '0.6.0',
365 silly addNameRange     '0.7.0',
365 silly addNameRange     '0.7.1',
365 silly addNameRange     '0.8.0',
365 silly addNameRange     '1.0.0',
365 silly addNameRange     '1.1.0',
365 silly addNameRange     '1.1.1',
365 silly addNameRange     '1.1.2',
365 silly addNameRange     '1.2.0',
365 silly addNameRange     '1.3.0',
365 silly addNameRange     '1.4.0',
365 silly addNameRange     '1.4.1',
365 silly addNameRange     '1.5.0',
365 silly addNameRange     '1.4.2',
365 silly addNameRange     '1.4.3',
365 silly addNameRange     '1.5.1',
365 silly addNameRange     '1.5.2',
365 silly addNameRange     '1.6.0',
365 silly addNameRange     '1.5.3',
365 silly addNameRange     '1.6.1',
365 silly addNameRange     '1.6.2',
365 silly addNameRange     '1.7.0',
365 silly addNameRange     '1.8.0',
365 silly addNameRange     '1.8.1',
365 silly addNameRange     '1.8.2' ] ]
366 verbose addNamed [ 'nan', '1.7.0' ]
367 verbose addNamed [ '1.7.0', '1.7.0' ]
368 silly lockFile e44e3bb6-nan-1-7-0 nan@1.7.0
369 verbose lock nan@1.7.0 /home/georgi/.npm/e44e3bb6-nan-1-7-0.lock
370 silly lockFile e44e3bb6-nan-1-7-0 nan@1.7.0
371 silly lockFile e44e3bb6-nan-1-7-0 nan@1.7.0
372 silly lockFile 4ba6bcd4-nan-1-7-0 nan@~1.7.0
373 silly lockFile 4ba6bcd4-nan-1-7-0 nan@~1.7.0
374 silly resolved [ { name: 'iconv',
374 silly resolved     main: './lib/iconv',
374 silly resolved     version: '2.1.6',
374 silly resolved     description: 'Text recoding in JavaScript for fun and profit!',
374 silly resolved     homepage: 'https://github.com/bnoordhuis/node-iconv',
374 silly resolved     repository:
374 silly resolved      { type: 'git',
374 silly resolved        url: 'git://github.com/bnoordhuis/node-iconv.git' },
374 silly resolved     author: { name: 'Ben Noordhuis', email: 'info@bnoordhuis.nl' },
374 silly resolved     engines: { node: '>=0.8.0' },
374 silly resolved     license: 'ISC',
374 silly resolved     readmeFilename: 'README.md',
374 silly resolved     dependencies: { nan: '~1.6.2' },
374 silly resolved     devDependencies: { tap: '~0.4.8' },
374 silly resolved     scripts: { test: 'tap test/test-*.js', install: 'node-gyp rebuild' },
374 silly resolved     gypfile: true,
374 silly resolved     readme: '# node-iconv\n\nText recoding in JavaScript for fun and profit!\n\n## Supported encodings\n\n    European languages\n        ASCII, ISO-8859-{1,2,3,4,5,7,9,10,13,14,15,16},\n        KOI8-R, KOI8-U, KOI8-RU,\n        CP{437,737,775,850,852,853,855,857,858,860,861,863,865,866,869}\n        CP{1125,1250,1251,1252,1253,1254,1257}\n        Mac{Roman,CentralEurope,Iceland,Croatian,Romania},\n        Mac{Cyrillic,Ukraine,Greek,Turkish},\n        Macintosh\n    Semitic languages\n        ISO-8859-{6,8}, CP{1255,1256}, CP862, CP864, Mac{Hebrew,Arabic}\n    Japanese\n        EUC-JP, SHIFT_JIS, CP932, ISO-2022-JP, ISO-2022-JP-2, ISO-2022-JP-1\n        EUC-JISX0213, Shift_JISX0213, ISO-2022-JP-3\n    Chinese\n        EUC-CN, HZ, GBK, CP936, GB18030, EUC-TW, BIG5, CP950, BIG5-HKSCS,\n        BIG5-HKSCS:2004, BIG5-HKSCS:2001, BIG5-HKSCS:1999, ISO-2022-CN,\n        ISO-2022-CN-EXT, BIG5-2003 (experimental)\n    Korean\n        EUC-KR, CP949, ISO-2022-KR, JOHAB\n    Turkmen\n        TDS565\n    Armenian\n        ARMSCII-8\n    Georgian\n        Georgian-Academy, Georgian-PS\n    Tajik\n        KOI8-T\n    Kazakh\n        PT154, RK1048\n    Thai\n        ISO-8859-11, TIS-620, CP874, MacThai\n    Laotian\n        MuleLao-1, CP1133\n    Vietnamese\n        VISCII, TCVN, CP1258\n    Platform specifics\n        HP-ROMAN8, NEXTSTEP, ATARIST, RISCOS-LATIN1\n    Full Unicode\n        UTF-8\n        UCS-2, UCS-2BE, UCS-2LE\n        UCS-4, UCS-4BE, UCS-4LE\n        UTF-16, UTF-16BE, UTF-16LE\n        UTF-32, UTF-32BE, UTF-32LE\n        UTF-7\n        C99, JAVA\n    Full Unicode, in terms of `uint16_t` or `uint32_t`\n        (with machine dependent endianness and alignment)\n        UCS-2-INTERNAL, UCS-4-INTERNAL\n    Locale dependent, in terms of `char` or `wchar_t`\n        (with machine dependent endianness and alignment, and with OS and\n        locale dependent semantics)\n        char, wchar_t\n        The empty encoding name "" is equivalent to "char": it denotes the\n        locale dependent character encoding.\n\nIf you don\'t need the full gamut of encodings, consider using [iconv-lite][].\nIt supports most common encodings and doesn\'t require a compiler to install.\n\n## Installing with [npm](http://npmjs.org/)\n\n    $ npm install iconv\n\nNote that you do not need to have a copy of libiconv installed to use this\nmodule.\n\n## Compiling from source\n\n    $ git clone git://github.com/bnoordhuis/node-iconv.git\n    $ node-gyp configure build\n    $ npm install .\n\n## Usage\n\nEncode from one character encoding to another:\n\n    // convert from UTF-8 to ISO-8859-1\n    var Buffer = require(\'buffer\').Buffer;\n    var Iconv  = require(\'iconv\').Iconv;\n    var assert = require(\'assert\');\n\n    var iconv = new Iconv(\'UTF-8\', \'ISO-8859-1\');\n    var buffer = iconv.convert(\'Hello, world!\');\n    var buffer2 = iconv.convert(new Buffer(\'Hello, world!\'));\n    assert.equals(buffer.inspect(), buffer2.inspect());\n    // do something useful with the buffers\n\nA simple ISO-8859-1 to UTF-8 conversion TCP service:\n\n    var net = require(\'net\');\n    var Iconv = require(\'iconv\').Iconv;\n    var server = net.createServer(function(conn) {\n      var iconv = new Iconv(\'latin1\', \'utf-8\');\n      conn.pipe(iconv).pipe(conn);\n    });\n    server.listen(8000);\n    console.log(\'Listening on tcp://0.0.0.0:8000/\');\n\nLook at test/test-basic.js and test/test-stream.js for more examples\nand node-iconv\'s behaviour under error conditions.\n\n## Notes\n\nThings to keep in mind when you work with node-iconv.\n\n### Chunked data\n\nSay you are reading data in chunks from a HTTP stream. The logical input is a\nsingle document (the full POST request data) but the physical input will be\nspread over several buffers (the request chunks).\n\nYou must accumulate the small buffers into a single large buffer before\nperforming the conversion. If you don\'t, you will get unexpected results with\nmulti-byte and stateful character sets like UTF-8 and ISO-2022-JP.\n\nThe above only applies when you are calling `Iconv#convert()` yourself.\nIf you use the streaming interface, node-iconv takes care of stitching\npartial character sequences together again.\n\n### Dealing with untranslatable characters\n\nCharacters are not always translatable to another encoding. The UTF-8 string\n"ça va が", for example, cannot be represented in plain 7-bits ASCII without\nsome loss of fidelity.\n\nBy default, node-iconv throws EILSEQ when untranslatabe characters are\nencountered but this can be customized. Quoting the `iconv_open(3)` man page:\n\n    //TRANSLIT\n    When  the  string  "//TRANSLIT"  is appended to tocode, transliteration is\n    activated. This means that when a character cannot be represented in the\n    target character set, it can be approximated through one or several\n    similarly looking characters.\n\n    //IGNORE\n    When the string "//IGNORE" is appended to tocode, characters that cannot be\n    represented in the target character set will be silently discarded.\n\nExample usage:\n\n    var iconv = new Iconv(\'UTF-8\', \'ASCII\');\n    iconv.convert(\'ça va\'); // throws EILSEQ\n\n    var iconv = new Iconv(\'UTF-8\', \'ASCII//IGNORE\');\n    iconv.convert(\'ça va\'); // returns "a va"\n\n    var iconv = new Iconv(\'UTF-8\', \'ASCII//TRANSLIT\');\n    iconv.convert(\'ça va\'); // "ca va"\n\n    var iconv = new Iconv(\'UTF-8\', \'ASCII//TRANSLIT//IGNORE\');\n    iconv.convert(\'ça va が\'); // "ca va "\n\n### EINVAL\n\nEINVAL is raised when the input ends in a partial character sequence. This is a\nfeature, not a bug.\n\n[iconv-lite]: https://www.npmjs.org/package/iconv-lite\n',
374 silly resolved     bugs: { url: 'https://github.com/bnoordhuis/node-iconv/issues' },
374 silly resolved     _id: 'iconv@2.1.6',
374 silly resolved     _from: 'iconv@~2.1.5' },
374 silly resolved   { name: 'bindings',
374 silly resolved     description: 'Helper module for loading your native module\'s .node file',
374 silly resolved     keywords: [ 'native', 'addon', 'bindings', 'gyp', 'waf', 'c', 'c++' ],
374 silly resolved     version: '1.2.1',
374 silly resolved     author:
374 silly resolved      { name: 'Nathan Rajlich',
374 silly resolved        email: 'nathan@tootallnate.net',
374 silly resolved        url: 'http://tootallnate.net' },
374 silly resolved     repository:
374 silly resolved      { type: 'git',
374 silly resolved        url: 'git://github.com/TooTallNate/node-bindings.git' },
374 silly resolved     main: './bindings.js',
374 silly resolved     bugs: { url: 'https://github.com/TooTallNate/node-bindings/issues' },
374 silly resolved     homepage: 'https://github.com/TooTallNate/node-bindings',
374 silly resolved     license: 'MIT',
374 silly resolved     readme: 'node-bindings\n=============\n### Helper module for loading your native module\'s .node file\n\nThis is a helper module for authors of Node.js native addon modules.\nIt is basically the "swiss army knife" of `require()`ing your native module\'s\n`.node` file.\n\nThroughout the course of Node\'s native addon history, addons have ended up being\ncompiled in a variety of different places, depending on which build tool and which\nversion of node was used. To make matters worse, now the _gyp_ build tool can\nproduce either a _Release_ or _Debug_ build, each being built into different\nlocations.\n\nThis module checks _all_ the possible locations that a native addon would be built\nat, and returns the first one that loads successfully.\n\n\nInstallation\n------------\n\nInstall with `npm`:\n\n``` bash\n$ npm install bindings\n```\n\nOr add it to the `"dependencies"` section of your _package.json_ file.\n\n\nExample\n-------\n\n`require()`ing the proper bindings file for the current node version, platform\nand architecture is as simple as:\n\n``` js\nvar bindings = require(\'bindings\')(\'binding.node\')\n\n// Use your bindings defined in your C files\nbindings.your_c_function()\n```\n\n\nNice Error Output\n-----------------\n\nWhen the `.node` file could not be loaded, `node-bindings` throws an Error with\na nice error message telling you exactly what was tried. You can also check the\n`err.tries` Array property.\n\n```\nError: Could not load the bindings file. Tried:\n → /Users/nrajlich/ref/build/binding.node\n → /Users/nrajlich/ref/build/Debug/binding.node\n → /Users/nrajlich/ref/build/Release/binding.node\n → /Users/nrajlich/ref/out/Debug/binding.node\n → /Users/nrajlich/ref/Debug/binding.node\n → /Users/nrajlich/ref/out/Release/binding.node\n → /Users/nrajlich/ref/Release/binding.node\n → /Users/nrajlich/ref/build/default/binding.node\n → /Users/nrajlich/ref/compiled/0.8.2/darwin/x64/binding.node\n    at bindings (/Users/nrajlich/ref/node_modules/bindings/bindings.js:84:13)\n    at Object.<anonymous> (/Users/nrajlich/ref/lib/ref.js:5:47)\n    at Module._compile (module.js:449:26)\n    at Object.Module._extensions..js (module.js:467:10)\n    at Module.load (module.js:356:32)\n    at Function.Module._load (module.js:312:12)\n    ...\n```\n\n\nLicense\n-------\n\n(The MIT License)\n\nCopyright (c) 2012 Nathan Rajlich &lt;nathan@tootallnate.net&gt;\n\nPermission is hereby granted, free of charge, to any person obtaining\na copy of this software and associated documentation files (the\n\'Software\'), to deal in the Software without restriction, including\nwithout limitation the rights to use, copy, modify, merge, publish,\ndistribute, sublicense, and/or sell copies of the Software, and to\npermit persons to whom the Software is furnished to do so, subject to\nthe following conditions:\n\nThe above copyright notice and this permission notice shall be\nincluded in all copies or substantial portions of the Software.\n\nTHE SOFTWARE IS PROVIDED \'AS IS\', WITHOUT WARRANTY OF ANY KIND,\nEXPRESS OR IMPLIED, INCLUDING BUT NOT LIMITED TO THE WARRANTIES OF\nMERCHANTABILITY, FITNESS FOR A PARTICULAR PURPOSE AND NONINFRINGEMENT.\nIN NO EVENT SHALL THE AUTHORS OR COPYRIGHT HOLDERS BE LIABLE FOR ANY\nCLAIM, DAMAGES OR OTHER LIABILITY, WHETHER IN AN ACTION OF CONTRACT,\nTORT OR OTHERWISE, ARISING FROM, OUT OF OR IN CONNECTION WITH THE\nSOFTWARE OR THE USE OR OTHER DEALINGS IN THE SOFTWARE.\n',
374 silly resolved     readmeFilename: 'README.md',
374 silly resolved     _id: 'bindings@1.2.1',
374 silly resolved     _from: 'bindings@~1.2.1' },
374 silly resolved   { name: 'nan',
374 silly resolved     version: '1.7.0',
374 silly resolved     description: 'Native Abstractions for Node.js: C++ header for Node 0.8->0.12 compatibility',
374 silly resolved     main: 'include_dirs.js',
374 silly resolved     repository: { type: 'git', url: 'git://github.com/rvagg/nan.git' },
374 silly resolved     scripts:
374 silly resolved      { test: 'tap --gc test/js/*-test.js',
374 silly resolved        'rebuild-tests': 'pangyp rebuild --directory test' },
374 silly resolved     contributors:
374 silly resolved      [ [Object],
374 silly resolved        [Object],
374 silly resolved        [Object],
374 silly resolved        [Object],
374 silly resolved        [Object],
374 silly resolved        [Object],
374 silly resolved        [Object] ],
374 silly resolved     devDependencies:
374 silly resolved      { bindings: '~1.2.1',
374 silly resolved        'node-gyp': '~1.0.2',
374 silly resolved        pangyp: '~2.0.1',
374 silly resolved        tap: '~0.5.0',
374 silly resolved        xtend: '~4.0.0' },
374 silly resolved     license: 'MIT',
374 silly resolved     bugs: { url: 'https://github.com/rvagg/nan/issues' },
374 silly resolved     readme: 'ERROR: No README data found!',
374 silly resolved     homepage: 'https://github.com/rvagg/nan',
374 silly resolved     _id: 'nan@1.7.0',
374 silly resolved     _from: 'nan@~1.7.0' } ]
375 info install iconv@2.1.6 into /home/georgi/hackfmi5/hackfmi5-paperjam/web/MountainTracker/node_modules/xml2json/node_modules/node-expat
376 info install bindings@1.2.1 into /home/georgi/hackfmi5/hackfmi5-paperjam/web/MountainTracker/node_modules/xml2json/node_modules/node-expat
377 info install nan@1.7.0 into /home/georgi/hackfmi5/hackfmi5-paperjam/web/MountainTracker/node_modules/xml2json/node_modules/node-expat
378 info installOne iconv@2.1.6
379 info installOne bindings@1.2.1
380 info installOne nan@1.7.0
381 info /home/georgi/hackfmi5/hackfmi5-paperjam/web/MountainTracker/node_modules/xml2json/node_modules/node-expat/node_modules/iconv unbuild
382 info /home/georgi/hackfmi5/hackfmi5-paperjam/web/MountainTracker/node_modules/xml2json/node_modules/node-expat/node_modules/bindings unbuild
383 info /home/georgi/hackfmi5/hackfmi5-paperjam/web/MountainTracker/node_modules/xml2json/node_modules/node-expat/node_modules/nan unbuild
384 verbose tar unpack /home/georgi/.npm/iconv/2.1.6/package.tgz
385 silly lockFile 8bc49938-es-node-expat-node-modules-iconv tar:///home/georgi/hackfmi5/hackfmi5-paperjam/web/MountainTracker/node_modules/xml2json/node_modules/node-expat/node_modules/iconv
386 verbose lock tar:///home/georgi/hackfmi5/hackfmi5-paperjam/web/MountainTracker/node_modules/xml2json/node_modules/node-expat/node_modules/iconv /home/georgi/.npm/8bc49938-es-node-expat-node-modules-iconv.lock
387 silly lockFile 33261d91-orgi-npm-iconv-2-1-6-package-tgz tar:///home/georgi/.npm/iconv/2.1.6/package.tgz
388 verbose lock tar:///home/georgi/.npm/iconv/2.1.6/package.tgz /home/georgi/.npm/33261d91-orgi-npm-iconv-2-1-6-package-tgz.lock
389 verbose tar unpack /home/georgi/.npm/bindings/1.2.1/package.tgz
390 silly lockFile b1fd37d7-node-expat-node-modules-bindings tar:///home/georgi/hackfmi5/hackfmi5-paperjam/web/MountainTracker/node_modules/xml2json/node_modules/node-expat/node_modules/bindings
391 verbose lock tar:///home/georgi/hackfmi5/hackfmi5-paperjam/web/MountainTracker/node_modules/xml2json/node_modules/node-expat/node_modules/bindings /home/georgi/.npm/b1fd37d7-node-expat-node-modules-bindings.lock
392 silly lockFile 91f8b4b3-i-npm-bindings-1-2-1-package-tgz tar:///home/georgi/.npm/bindings/1.2.1/package.tgz
393 verbose lock tar:///home/georgi/.npm/bindings/1.2.1/package.tgz /home/georgi/.npm/91f8b4b3-i-npm-bindings-1-2-1-package-tgz.lock
394 verbose tar unpack /home/georgi/.npm/nan/1.7.0/package.tgz
395 silly lockFile edef6e8e-ules-node-expat-node-modules-nan tar:///home/georgi/hackfmi5/hackfmi5-paperjam/web/MountainTracker/node_modules/xml2json/node_modules/node-expat/node_modules/nan
396 verbose lock tar:///home/georgi/hackfmi5/hackfmi5-paperjam/web/MountainTracker/node_modules/xml2json/node_modules/node-expat/node_modules/nan /home/georgi/.npm/edef6e8e-ules-node-expat-node-modules-nan.lock
397 silly lockFile 1c270238-georgi-npm-nan-1-7-0-package-tgz tar:///home/georgi/.npm/nan/1.7.0/package.tgz
398 verbose lock tar:///home/georgi/.npm/nan/1.7.0/package.tgz /home/georgi/.npm/1c270238-georgi-npm-nan-1-7-0-package-tgz.lock
399 silly gunzTarPerm modes [ '755', '644' ]
400 silly gunzTarPerm modes [ '755', '644' ]
401 silly gunzTarPerm modes [ '755', '644' ]
402 silly gunzTarPerm extractEntry package.json
403 silly gunzTarPerm extractEntry package.json
404 silly gunzTarPerm extractEntry package.json
405 silly gunzTarPerm extractEntry .npmignore
406 silly gunzTarPerm extractEntry README.md
407 silly gunzTarPerm extractEntry README.md
408 silly gunzTarPerm extractEntry bindings.js
409 silly gunzTarPerm extractEntry include_dirs.js
410 silly gunzTarPerm extractEntry LICENSE.md
411 silly gunzTarPerm extractEntry LICENSE
412 silly gunzTarPerm extractEntry binding.gyp
413 silly gunzTarPerm extractEntry appveyor.yml
414 silly gunzTarPerm extractEntry .dntrc
415 silly gunzTarPerm extractEntry deps/libiconv/README
416 silly gunzTarPerm extractEntry deps/libiconv/INSTALL.generic
417 silly gunzTarPerm extractEntry CHANGELOG.md
418 silly gunzTarPerm extractEntry nan_implementation_12_inl.h
419 silly gunzTarPerm extractEntry nan_implementation_pre_12_inl.h
420 silly gunzTarPerm extractEntry nan_new.h
421 silly gunzTarPerm extractEntry nan_string_bytes.h
422 silly gunzTarPerm extractEntry nan.h
423 silly gunzTarPerm extractEntry deps/libiconv/COPYING
424 silly gunzTarPerm extractEntry deps/libiconv/COPYING.LIB
425 silly gunzTarPerm extractEntry deps/libiconv/ChangeLog
426 silly gunzTarPerm extractEntry deps/libiconv/DEPENDENCIES
427 silly lockFile b1fd37d7-node-expat-node-modules-bindings tar:///home/georgi/hackfmi5/hackfmi5-paperjam/web/MountainTracker/node_modules/xml2json/node_modules/node-expat/node_modules/bindings
428 silly lockFile b1fd37d7-node-expat-node-modules-bindings tar:///home/georgi/hackfmi5/hackfmi5-paperjam/web/MountainTracker/node_modules/xml2json/node_modules/node-expat/node_modules/bindings
429 silly lockFile 91f8b4b3-i-npm-bindings-1-2-1-package-tgz tar:///home/georgi/.npm/bindings/1.2.1/package.tgz
430 silly lockFile 91f8b4b3-i-npm-bindings-1-2-1-package-tgz tar:///home/georgi/.npm/bindings/1.2.1/package.tgz
431 info preinstall bindings@1.2.1
432 verbose readDependencies using package.json deps
433 verbose readDependencies using package.json deps
434 silly resolved []
435 verbose about to build /home/georgi/hackfmi5/hackfmi5-paperjam/web/MountainTracker/node_modules/xml2json/node_modules/node-expat/node_modules/bindings
436 info build /home/georgi/hackfmi5/hackfmi5-paperjam/web/MountainTracker/node_modules/xml2json/node_modules/node-expat/node_modules/bindings
437 verbose linkStuff [ false,
437 verbose linkStuff   false,
437 verbose linkStuff   false,
437 verbose linkStuff   '/home/georgi/hackfmi5/hackfmi5-paperjam/web/MountainTracker/node_modules/xml2json/node_modules/node-expat/node_modules' ]
438 info linkStuff bindings@1.2.1
439 verbose linkBins bindings@1.2.1
440 verbose linkMans bindings@1.2.1
441 verbose rebuildBundles bindings@1.2.1
442 silly gunzTarPerm extractEntry deps/libiconv/DESIGN
443 silly gunzTarPerm extractEntry deps/libiconv/HACKING
444 info install bindings@1.2.1
445 info postinstall bindings@1.2.1
446 silly gunzTarPerm extractEntry deps/libiconv/AUTHORS
447 silly gunzTarPerm extractEntry deps/libiconv/NEWS
448 silly gunzTarPerm extractEntry deps/libiconv/NOTES
449 silly gunzTarPerm extractEntry deps/libiconv/PORTS
450 silly gunzTarPerm extractEntry deps/libiconv/ABOUT-NLS
451 silly gunzTarPerm extractEntry deps/libiconv/README.woe32
452 silly gunzTarPerm extractEntry deps/libiconv/THANKS
453 silly gunzTarPerm extractEntry deps/libiconv/lib/euc_tw.h
454 silly lockFile edef6e8e-ules-node-expat-node-modules-nan tar:///home/georgi/hackfmi5/hackfmi5-paperjam/web/MountainTracker/node_modules/xml2json/node_modules/node-expat/node_modules/nan
455 silly lockFile edef6e8e-ules-node-expat-node-modules-nan tar:///home/georgi/hackfmi5/hackfmi5-paperjam/web/MountainTracker/node_modules/xml2json/node_modules/node-expat/node_modules/nan
456 silly lockFile 1c270238-georgi-npm-nan-1-7-0-package-tgz tar:///home/georgi/.npm/nan/1.7.0/package.tgz
457 silly lockFile 1c270238-georgi-npm-nan-1-7-0-package-tgz tar:///home/georgi/.npm/nan/1.7.0/package.tgz
458 info preinstall nan@1.7.0
459 verbose readDependencies using package.json deps
460 verbose readDependencies using package.json deps
461 silly resolved []
462 verbose about to build /home/georgi/hackfmi5/hackfmi5-paperjam/web/MountainTracker/node_modules/xml2json/node_modules/node-expat/node_modules/nan
463 info build /home/georgi/hackfmi5/hackfmi5-paperjam/web/MountainTracker/node_modules/xml2json/node_modules/node-expat/node_modules/nan
464 verbose linkStuff [ false,
464 verbose linkStuff   false,
464 verbose linkStuff   false,
464 verbose linkStuff   '/home/georgi/hackfmi5/hackfmi5-paperjam/web/MountainTracker/node_modules/xml2json/node_modules/node-expat/node_modules' ]
465 info linkStuff nan@1.7.0
466 verbose linkBins nan@1.7.0
467 verbose linkMans nan@1.7.0
468 verbose rebuildBundles nan@1.7.0
469 info install nan@1.7.0
470 info postinstall nan@1.7.0
471 silly gunzTarPerm extractEntry deps/libiconv/lib/aliases.gperf
472 silly gunzTarPerm extractEntry deps/libiconv/lib/aliases2.h
473 silly gunzTarPerm extractEntry deps/libiconv/lib/aliases_aix.h
474 silly gunzTarPerm extractEntry deps/libiconv/lib/aliases_aix_sysaix.h
475 silly gunzTarPerm extractEntry deps/libiconv/lib/aliases_dos.h
476 silly gunzTarPerm extractEntry deps/libiconv/lib/aliases_extra.h
477 silly gunzTarPerm extractEntry deps/libiconv/lib/aliases_osf1.h
478 silly gunzTarPerm extractEntry deps/libiconv/lib/aliases_osf1_sysosf1.h
479 silly gunzTarPerm extractEntry deps/libiconv/lib/aliases_sysaix.gperf
480 silly gunzTarPerm extractEntry deps/libiconv/lib/aliases_sysaix.h
481 silly gunzTarPerm extractEntry deps/libiconv/lib/aliases_syshpux.gperf
482 silly gunzTarPerm extractEntry deps/libiconv/lib/aliases_syshpux.h
483 silly gunzTarPerm extractEntry deps/libiconv/lib/aliases_sysosf1.gperf
484 silly gunzTarPerm extractEntry deps/libiconv/lib/aliases_sysosf1.h
485 silly gunzTarPerm extractEntry deps/libiconv/lib/aliases_syssolaris.gperf
486 silly gunzTarPerm extractEntry deps/libiconv/lib/aliases_syssolaris.h
487 silly gunzTarPerm extractEntry deps/libiconv/lib/armscii_8.h
488 silly gunzTarPerm extractEntry deps/libiconv/lib/ascii.h
489 silly gunzTarPerm extractEntry deps/libiconv/lib/atarist.h
490 silly gunzTarPerm extractEntry deps/libiconv/lib/big5.h
491 silly gunzTarPerm extractEntry deps/libiconv/lib/big5_2003.h
492 silly gunzTarPerm extractEntry deps/libiconv/lib/big5hkscs1999.h
493 silly gunzTarPerm extractEntry deps/libiconv/lib/big5hkscs2001.h
494 silly gunzTarPerm extractEntry deps/libiconv/lib/big5hkscs2004.h
495 silly gunzTarPerm extractEntry deps/libiconv/lib/big5hkscs2008.h
496 silly gunzTarPerm extractEntry deps/libiconv/lib/c99.h
497 silly gunzTarPerm extractEntry deps/libiconv/lib/canonical.h
498 silly gunzTarPerm extractEntry deps/libiconv/lib/canonical_aix.h
499 silly gunzTarPerm extractEntry deps/libiconv/lib/canonical_aix_sysaix.h
500 silly gunzTarPerm extractEntry deps/libiconv/lib/canonical_dos.h
501 silly gunzTarPerm extractEntry deps/libiconv/lib/canonical_extra.h
502 silly gunzTarPerm extractEntry deps/libiconv/lib/canonical_local.h
503 silly gunzTarPerm extractEntry deps/libiconv/lib/canonical_local_sysaix.h
504 silly gunzTarPerm extractEntry deps/libiconv/lib/canonical_local_syshpux.h
505 silly gunzTarPerm extractEntry deps/libiconv/lib/canonical_local_sysosf1.h
506 silly gunzTarPerm extractEntry deps/libiconv/lib/canonical_local_syssolaris.h
507 silly gunzTarPerm extractEntry deps/libiconv/lib/canonical_osf1.h
508 silly gunzTarPerm extractEntry deps/libiconv/lib/canonical_osf1_sysosf1.h
509 silly gunzTarPerm extractEntry deps/libiconv/lib/canonical_sysaix.h
510 silly gunzTarPerm extractEntry deps/libiconv/lib/canonical_syshpux.h
511 silly gunzTarPerm extractEntry deps/libiconv/lib/canonical_sysosf1.h
512 silly gunzTarPerm extractEntry deps/libiconv/lib/canonical_syssolaris.h
513 silly gunzTarPerm extractEntry deps/libiconv/lib/ces_big5.h
514 silly gunzTarPerm extractEntry deps/libiconv/lib/ces_gbk.h
515 silly gunzTarPerm extractEntry deps/libiconv/lib/cjk_variants.h
516 silly gunzTarPerm extractEntry deps/libiconv/lib/cns11643.h
517 silly gunzTarPerm extractEntry deps/libiconv/lib/cns11643_1.h
518 silly gunzTarPerm extractEntry deps/libiconv/lib/cns11643_15.h
519 silly gunzTarPerm extractEntry deps/libiconv/lib/cns11643_2.h
520 silly gunzTarPerm extractEntry deps/libiconv/lib/cns11643_3.h
521 silly gunzTarPerm extractEntry deps/libiconv/lib/cns11643_4.h
522 silly gunzTarPerm extractEntry deps/libiconv/lib/cns11643_4a.h
523 silly gunzTarPerm extractEntry deps/libiconv/lib/cns11643_4b.h
524 silly gunzTarPerm extractEntry deps/libiconv/lib/cns11643_5.h
525 silly gunzTarPerm extractEntry deps/libiconv/lib/cns11643_6.h
526 silly gunzTarPerm extractEntry deps/libiconv/lib/cns11643_7.h
527 silly gunzTarPerm extractEntry deps/libiconv/lib/cns11643_inv.h
528 silly gunzTarPerm extractEntry deps/libiconv/lib/converters.h
529 silly gunzTarPerm extractEntry deps/libiconv/lib/cp1046.h
530 silly gunzTarPerm extractEntry deps/libiconv/lib/cp1124.h
531 silly gunzTarPerm extractEntry deps/libiconv/lib/cp1125.h
532 silly gunzTarPerm extractEntry deps/libiconv/lib/cp1129.h
533 silly gunzTarPerm extractEntry deps/libiconv/lib/cp1131.h
534 silly gunzTarPerm extractEntry deps/libiconv/lib/cp1133.h
535 silly gunzTarPerm extractEntry deps/libiconv/lib/cp1161.h
536 silly gunzTarPerm extractEntry deps/libiconv/lib/cp1162.h
537 silly gunzTarPerm extractEntry deps/libiconv/lib/cp1163.h
538 silly gunzTarPerm extractEntry deps/libiconv/lib/cp1250.h
539 silly gunzTarPerm extractEntry deps/libiconv/lib/cp1251.h
540 silly gunzTarPerm extractEntry deps/libiconv/lib/cp1252.h
541 silly gunzTarPerm extractEntry deps/libiconv/lib/cp1253.h
542 silly gunzTarPerm extractEntry deps/libiconv/lib/cp1254.h
543 silly gunzTarPerm extractEntry deps/libiconv/lib/cp1255.h
544 silly gunzTarPerm extractEntry deps/libiconv/lib/cp1256.h
545 silly gunzTarPerm extractEntry deps/libiconv/lib/cp1257.h
546 silly gunzTarPerm extractEntry deps/libiconv/lib/cp1258.h
547 silly gunzTarPerm extractEntry deps/libiconv/lib/cp437.h
548 silly gunzTarPerm extractEntry deps/libiconv/lib/cp737.h
549 silly gunzTarPerm extractEntry deps/libiconv/lib/cp775.h
550 silly gunzTarPerm extractEntry deps/libiconv/lib/cp850.h
551 silly gunzTarPerm extractEntry deps/libiconv/lib/cp852.h
552 silly gunzTarPerm extractEntry deps/libiconv/lib/cp853.h
553 silly gunzTarPerm extractEntry deps/libiconv/lib/cp855.h
554 silly gunzTarPerm extractEntry deps/libiconv/lib/cp856.h
555 silly gunzTarPerm extractEntry deps/libiconv/lib/cp857.h
556 silly gunzTarPerm extractEntry deps/libiconv/lib/cp858.h
557 silly gunzTarPerm extractEntry deps/libiconv/lib/cp860.h
558 silly gunzTarPerm extractEntry deps/libiconv/lib/cp861.h
559 silly gunzTarPerm extractEntry deps/libiconv/lib/cp862.h
560 silly gunzTarPerm extractEntry deps/libiconv/lib/cp863.h
561 silly gunzTarPerm extractEntry deps/libiconv/lib/cp864.h
562 silly gunzTarPerm extractEntry deps/libiconv/lib/cp865.h
563 silly gunzTarPerm extractEntry deps/libiconv/lib/cp866.h
564 silly gunzTarPerm extractEntry deps/libiconv/lib/cp869.h
565 silly gunzTarPerm extractEntry deps/libiconv/lib/cp874.h
566 silly gunzTarPerm extractEntry deps/libiconv/lib/cp922.h
567 silly gunzTarPerm extractEntry deps/libiconv/lib/cp932.h
568 silly gunzTarPerm extractEntry deps/libiconv/lib/cp932ext.h
569 silly gunzTarPerm extractEntry deps/libiconv/lib/cp936.h
570 silly gunzTarPerm extractEntry deps/libiconv/lib/cp936ext.h
571 silly gunzTarPerm extractEntry deps/libiconv/lib/cp943.h
572 silly gunzTarPerm extractEntry deps/libiconv/lib/cp949.h
573 silly gunzTarPerm extractEntry deps/libiconv/lib/cp950.h
574 silly gunzTarPerm extractEntry deps/libiconv/lib/cp950ext.h
575 silly gunzTarPerm extractEntry deps/libiconv/lib/dec_hanyu.h
576 silly gunzTarPerm extractEntry deps/libiconv/lib/dec_kanji.h
577 silly gunzTarPerm extractEntry deps/libiconv/lib/encodings.def
578 silly gunzTarPerm extractEntry deps/libiconv/lib/encodings_aix.def
579 silly gunzTarPerm extractEntry deps/libiconv/lib/encodings_dos.def
580 silly gunzTarPerm extractEntry deps/libiconv/lib/encodings_extra.def
581 silly gunzTarPerm extractEntry deps/libiconv/lib/encodings_local.def
582 silly gunzTarPerm extractEntry deps/libiconv/lib/encodings_osf1.def
583 silly gunzTarPerm extractEntry deps/libiconv/lib/euc_cn.h
584 silly gunzTarPerm extractEntry deps/libiconv/lib/euc_jisx0213.h
585 silly gunzTarPerm extractEntry deps/libiconv/lib/euc_jp.h
586 silly gunzTarPerm extractEntry deps/libiconv/lib/euc_kr.h
587 silly gunzTarPerm extractEntry deps/libiconv/lib/aliases.h
588 silly gunzTarPerm extractEntry deps/libiconv/lib/flags.h
589 silly gunzTarPerm extractEntry deps/libiconv/lib/flushwc.h
590 silly gunzTarPerm extractEntry deps/libiconv/lib/gb12345.h
591 silly gunzTarPerm extractEntry deps/libiconv/lib/gb12345ext.h
592 silly gunzTarPerm extractEntry deps/libiconv/lib/gb18030.h
593 silly gunzTarPerm extractEntry deps/libiconv/lib/gb18030ext.h
594 silly gunzTarPerm extractEntry deps/libiconv/lib/gb18030uni.h
595 silly gunzTarPerm extractEntry deps/libiconv/lib/gb2312.h
596 silly gunzTarPerm extractEntry deps/libiconv/lib/gbk.h
597 silly gunzTarPerm extractEntry deps/libiconv/lib/gbkext1.h
598 silly gunzTarPerm extractEntry deps/libiconv/lib/gbkext2.h
599 silly gunzTarPerm extractEntry deps/libiconv/lib/gbkext_inv.h
600 silly gunzTarPerm extractEntry deps/libiconv/lib/genaliases.c
601 silly gunzTarPerm extractEntry deps/libiconv/lib/genaliases2.c
602 silly gunzTarPerm extractEntry deps/libiconv/lib/genflags.c
603 silly gunzTarPerm extractEntry deps/libiconv/lib/gentranslit.c
604 silly gunzTarPerm extractEntry deps/libiconv/lib/georgian_academy.h
605 silly gunzTarPerm extractEntry deps/libiconv/lib/georgian_ps.h
606 silly gunzTarPerm extractEntry deps/libiconv/lib/hkscs1999.h
607 silly gunzTarPerm extractEntry deps/libiconv/lib/hkscs2001.h
608 silly gunzTarPerm extractEntry deps/libiconv/lib/hkscs2004.h
609 silly gunzTarPerm extractEntry deps/libiconv/lib/hkscs2008.h
610 silly gunzTarPerm extractEntry deps/libiconv/lib/hp_roman8.h
611 silly gunzTarPerm extractEntry deps/libiconv/lib/hz.h
612 silly gunzTarPerm extractEntry deps/libiconv/lib/iconv.c
613 silly gunzTarPerm extractEntry deps/libiconv/lib/iconv_open1.h
614 silly gunzTarPerm extractEntry deps/libiconv/lib/iconv_open2.h
615 silly gunzTarPerm extractEntry deps/libiconv/lib/iso2022_cn.h
616 silly gunzTarPerm extractEntry deps/libiconv/lib/iso2022_cnext.h
617 silly gunzTarPerm extractEntry deps/libiconv/lib/iso2022_jp.h
618 silly gunzTarPerm extractEntry deps/libiconv/lib/iso2022_jp1.h
619 silly gunzTarPerm extractEntry deps/libiconv/lib/iso2022_jp2.h
620 silly gunzTarPerm extractEntry deps/libiconv/lib/iso2022_jp3.h
621 silly gunzTarPerm extractEntry deps/libiconv/lib/iso2022_kr.h
622 silly gunzTarPerm extractEntry deps/libiconv/lib/iso646_cn.h
623 silly gunzTarPerm extractEntry deps/libiconv/lib/iso646_jp.h
624 silly gunzTarPerm extractEntry deps/libiconv/lib/iso8859_1.h
625 silly gunzTarPerm extractEntry deps/libiconv/lib/iso8859_10.h
626 silly gunzTarPerm extractEntry deps/libiconv/lib/iso8859_11.h
627 silly gunzTarPerm extractEntry deps/libiconv/lib/iso8859_13.h
628 silly gunzTarPerm extractEntry deps/libiconv/lib/iso8859_14.h
629 silly gunzTarPerm extractEntry deps/libiconv/lib/iso8859_15.h
630 silly gunzTarPerm extractEntry deps/libiconv/lib/iso8859_16.h
631 silly gunzTarPerm extractEntry deps/libiconv/lib/iso8859_2.h
632 silly gunzTarPerm extractEntry deps/libiconv/lib/iso8859_3.h
633 silly gunzTarPerm extractEntry deps/libiconv/lib/iso8859_4.h
634 silly gunzTarPerm extractEntry deps/libiconv/lib/iso8859_5.h
635 silly gunzTarPerm extractEntry deps/libiconv/lib/iso8859_6.h
636 silly gunzTarPerm extractEntry deps/libiconv/lib/iso8859_7.h
637 silly gunzTarPerm extractEntry deps/libiconv/lib/iso8859_8.h
638 silly gunzTarPerm extractEntry deps/libiconv/lib/iso8859_9.h
639 silly gunzTarPerm extractEntry deps/libiconv/lib/isoir165.h
640 silly gunzTarPerm extractEntry deps/libiconv/lib/isoir165ext.h
641 silly gunzTarPerm extractEntry deps/libiconv/lib/java.h
642 silly gunzTarPerm extractEntry deps/libiconv/lib/jisx0201.h
643 silly gunzTarPerm extractEntry deps/libiconv/lib/jisx0208.h
644 silly gunzTarPerm extractEntry deps/libiconv/lib/jisx0212.h
645 silly gunzTarPerm extractEntry deps/libiconv/lib/jisx0213.h
646 silly gunzTarPerm extractEntry deps/libiconv/lib/johab.h
647 silly gunzTarPerm extractEntry deps/libiconv/lib/johab_hangul.h
648 silly gunzTarPerm extractEntry deps/libiconv/lib/koi8_r.h
649 silly gunzTarPerm extractEntry deps/libiconv/lib/koi8_ru.h
650 silly gunzTarPerm extractEntry deps/libiconv/lib/koi8_t.h
651 silly gunzTarPerm extractEntry deps/libiconv/lib/koi8_u.h
652 silly gunzTarPerm extractEntry deps/libiconv/lib/ksc5601.h
653 silly gunzTarPerm extractEntry deps/libiconv/lib/loop_unicode.h
654 silly gunzTarPerm extractEntry deps/libiconv/lib/loop_wchar.h
655 silly gunzTarPerm extractEntry deps/libiconv/lib/loops.h
656 silly gunzTarPerm extractEntry deps/libiconv/lib/mac_arabic.h
657 silly gunzTarPerm extractEntry deps/libiconv/lib/mac_centraleurope.h
658 silly gunzTarPerm extractEntry deps/libiconv/lib/mac_croatian.h
659 silly gunzTarPerm extractEntry deps/libiconv/lib/mac_cyrillic.h
660 silly gunzTarPerm extractEntry deps/libiconv/lib/mac_greek.h
661 silly gunzTarPerm extractEntry deps/libiconv/lib/mac_hebrew.h
662 silly gunzTarPerm extractEntry deps/libiconv/lib/mac_iceland.h
663 silly gunzTarPerm extractEntry deps/libiconv/lib/mac_roman.h
664 silly gunzTarPerm extractEntry deps/libiconv/lib/mac_romania.h
665 silly gunzTarPerm extractEntry deps/libiconv/lib/mac_thai.h
666 silly gunzTarPerm extractEntry deps/libiconv/lib/mac_turkish.h
667 silly gunzTarPerm extractEntry deps/libiconv/lib/mac_ukraine.h
668 silly gunzTarPerm extractEntry deps/libiconv/lib/mulelao.h
669 silly gunzTarPerm extractEntry deps/libiconv/lib/nextstep.h
670 silly gunzTarPerm extractEntry deps/libiconv/lib/pt154.h
671 silly gunzTarPerm extractEntry deps/libiconv/lib/relocatable.c
672 silly gunzTarPerm extractEntry deps/libiconv/lib/relocatable.h
673 silly gunzTarPerm extractEntry deps/libiconv/lib/riscos1.h
674 silly gunzTarPerm extractEntry deps/libiconv/lib/rk1048.h
675 silly gunzTarPerm extractEntry deps/libiconv/lib/shift_jisx0213.h
676 silly gunzTarPerm extractEntry deps/libiconv/lib/sjis.h
677 silly gunzTarPerm extractEntry deps/libiconv/lib/tcvn.h
678 silly gunzTarPerm extractEntry deps/libiconv/lib/tds565.h
679 silly gunzTarPerm extractEntry deps/libiconv/lib/tis620.h
680 silly gunzTarPerm extractEntry deps/libiconv/lib/translit.def
681 silly gunzTarPerm extractEntry deps/libiconv/lib/translit.h
682 silly gunzTarPerm extractEntry deps/libiconv/lib/ucs2.h
683 silly gunzTarPerm extractEntry deps/libiconv/lib/ucs2be.h
684 silly gunzTarPerm extractEntry deps/libiconv/lib/ucs2internal.h
685 silly gunzTarPerm extractEntry deps/libiconv/lib/ucs2le.h
686 silly gunzTarPerm extractEntry deps/libiconv/lib/ucs2swapped.h
687 silly gunzTarPerm extractEntry deps/libiconv/lib/ucs4.h
688 silly gunzTarPerm extractEntry deps/libiconv/lib/ucs4be.h
689 silly gunzTarPerm extractEntry deps/libiconv/lib/ucs4internal.h
690 silly gunzTarPerm extractEntry deps/libiconv/lib/ucs4le.h
691 silly gunzTarPerm extractEntry deps/libiconv/lib/ucs4swapped.h
692 silly gunzTarPerm extractEntry deps/libiconv/lib/uhc_1.h
693 silly gunzTarPerm extractEntry deps/libiconv/lib/uhc_2.h
694 silly gunzTarPerm extractEntry deps/libiconv/lib/utf16.h
695 silly gunzTarPerm extractEntry deps/libiconv/lib/utf16be.h
696 silly gunzTarPerm extractEntry deps/libiconv/lib/utf16le.h
697 silly gunzTarPerm extractEntry deps/libiconv/lib/utf32.h
698 silly gunzTarPerm extractEntry deps/libiconv/lib/utf32be.h
699 silly gunzTarPerm extractEntry deps/libiconv/lib/utf32le.h
700 silly gunzTarPerm extractEntry deps/libiconv/lib/utf7.h
701 silly gunzTarPerm extractEntry deps/libiconv/lib/utf8.h
702 silly gunzTarPerm extractEntry deps/libiconv/lib/vietcomb.h
703 silly gunzTarPerm extractEntry deps/libiconv/lib/viscii.h
704 silly gunzTarPerm extractEntry lib/iconv.js
705 silly gunzTarPerm extractEntry src/binding.cc
706 silly gunzTarPerm extractEntry support/config.h
707 silly gunzTarPerm extractEntry support/iconv.h
708 silly gunzTarPerm extractEntry test/test-basic.js
709 silly gunzTarPerm extractEntry test/test-big-buffer.js
710 silly gunzTarPerm extractEntry test/test-stream.js
711 silly gunzTarPerm extractEntry test/fixtures/lorem-ipsum.txt
712 silly lockFile 8bc49938-es-node-expat-node-modules-iconv tar:///home/georgi/hackfmi5/hackfmi5-paperjam/web/MountainTracker/node_modules/xml2json/node_modules/node-expat/node_modules/iconv
713 silly lockFile 8bc49938-es-node-expat-node-modules-iconv tar:///home/georgi/hackfmi5/hackfmi5-paperjam/web/MountainTracker/node_modules/xml2json/node_modules/node-expat/node_modules/iconv
714 silly lockFile 33261d91-orgi-npm-iconv-2-1-6-package-tgz tar:///home/georgi/.npm/iconv/2.1.6/package.tgz
715 silly lockFile 33261d91-orgi-npm-iconv-2-1-6-package-tgz tar:///home/georgi/.npm/iconv/2.1.6/package.tgz
716 info preinstall iconv@2.1.6
717 verbose readDependencies using package.json deps
718 verbose readDependencies using package.json deps
719 verbose cache add [ 'nan@~1.6.2', null ]
720 verbose cache add name=undefined spec="nan@~1.6.2" args=["nan@~1.6.2",null]
721 verbose parsed url { protocol: null,
721 verbose parsed url   slashes: null,
721 verbose parsed url   auth: null,
721 verbose parsed url   host: null,
721 verbose parsed url   port: null,
721 verbose parsed url   hostname: null,
721 verbose parsed url   hash: null,
721 verbose parsed url   search: null,
721 verbose parsed url   query: null,
721 verbose parsed url   pathname: 'nan@~1.6.2',
721 verbose parsed url   path: 'nan@~1.6.2',
721 verbose parsed url   href: 'nan@~1.6.2' }
722 verbose cache add name="nan" spec="~1.6.2" args=["nan","~1.6.2"]
723 verbose parsed url { protocol: null,
723 verbose parsed url   slashes: null,
723 verbose parsed url   auth: null,
723 verbose parsed url   host: null,
723 verbose parsed url   port: null,
723 verbose parsed url   hostname: null,
723 verbose parsed url   hash: null,
723 verbose parsed url   search: null,
723 verbose parsed url   query: null,
723 verbose parsed url   pathname: '~1.6.2',
723 verbose parsed url   path: '~1.6.2',
723 verbose parsed url   href: '~1.6.2' }
724 verbose addNamed [ 'nan', '~1.6.2' ]
725 verbose addNamed [ null, '>=1.6.2-0 <1.7.0-0' ]
726 silly lockFile c42308b0-nan-1-6-2 nan@~1.6.2
727 verbose lock nan@~1.6.2 /home/georgi/.npm/c42308b0-nan-1-6-2.lock
728 silly addNameRange { name: 'nan', range: '>=1.6.2-0 <1.7.0-0', hasData: false }
729 verbose registry.get nan not expired, no request
730 silly addNameRange number 2 { name: 'nan', range: '>=1.6.2-0 <1.7.0-0', hasData: true }
731 silly addNameRange versions [ 'nan',
731 silly addNameRange   [ '0.3.0-wip',
731 silly addNameRange     '0.3.0-wip2',
731 silly addNameRange     '0.3.0',
731 silly addNameRange     '0.3.1',
731 silly addNameRange     '0.3.2',
731 silly addNameRange     '0.4.0',
731 silly addNameRange     '0.4.1',
731 silly addNameRange     '0.4.2',
731 silly addNameRange     '0.4.3',
731 silly addNameRange     '0.4.4',
731 silly addNameRange     '0.5.0',
731 silly addNameRange     '0.5.1',
731 silly addNameRange     '0.5.2',
731 silly addNameRange     '0.6.0',
731 silly addNameRange     '0.7.0',
731 silly addNameRange     '0.7.1',
731 silly addNameRange     '0.8.0',
731 silly addNameRange     '1.0.0',
731 silly addNameRange     '1.1.0',
731 silly addNameRange     '1.1.1',
731 silly addNameRange     '1.1.2',
731 silly addNameRange     '1.2.0',
731 silly addNameRange     '1.3.0',
731 silly addNameRange     '1.4.0',
731 silly addNameRange     '1.4.1',
731 silly addNameRange     '1.5.0',
731 silly addNameRange     '1.4.2',
731 silly addNameRange     '1.4.3',
731 silly addNameRange     '1.5.1',
731 silly addNameRange     '1.5.2',
731 silly addNameRange     '1.6.0',
731 silly addNameRange     '1.5.3',
731 silly addNameRange     '1.6.1',
731 silly addNameRange     '1.6.2',
731 silly addNameRange     '1.7.0',
731 silly addNameRange     '1.8.0',
731 silly addNameRange     '1.8.1',
731 silly addNameRange     '1.8.2' ] ]
732 verbose addNamed [ 'nan', '1.6.2' ]
733 verbose addNamed [ '1.6.2', '1.6.2' ]
734 silly lockFile c1b71d68-nan-1-6-2 nan@1.6.2
735 verbose lock nan@1.6.2 /home/georgi/.npm/c1b71d68-nan-1-6-2.lock
736 silly lockFile c1b71d68-nan-1-6-2 nan@1.6.2
737 silly lockFile c1b71d68-nan-1-6-2 nan@1.6.2
738 silly lockFile c42308b0-nan-1-6-2 nan@~1.6.2
739 silly lockFile c42308b0-nan-1-6-2 nan@~1.6.2
740 silly resolved [ { name: 'nan',
740 silly resolved     version: '1.6.2',
740 silly resolved     description: 'Native Abstractions for Node.js: C++ header for Node 0.8->0.12 compatibility',
740 silly resolved     main: 'include_dirs.js',
740 silly resolved     repository: { type: 'git', url: 'git://github.com/rvagg/nan.git' },
740 silly resolved     scripts:
740 silly resolved      { test: 'tap --gc test/js/*-test.js',
740 silly resolved        'rebuild-tests': 'pangyp rebuild --directory test' },
740 silly resolved     contributors:
740 silly resolved      [ [Object],
740 silly resolved        [Object],
740 silly resolved        [Object],
740 silly resolved        [Object],
740 silly resolved        [Object],
740 silly resolved        [Object],
740 silly resolved        [Object] ],
740 silly resolved     devDependencies:
740 silly resolved      { bindings: '~1.2.1',
740 silly resolved        'node-gyp': '~1.0.2',
740 silly resolved        pangyp: '~2.0.1',
740 silly resolved        tap: '~0.5.0',
740 silly resolved        xtend: '~4.0.0' },
740 silly resolved     license: 'MIT',
740 silly resolved     bugs: { url: 'https://github.com/rvagg/nan/issues' },
740 silly resolved     readme: 'ERROR: No README data found!',
740 silly resolved     homepage: 'https://github.com/rvagg/nan',
740 silly resolved     _id: 'nan@1.6.2',
740 silly resolved     _from: 'nan@~1.6.2' } ]
741 info install nan@1.6.2 into /home/georgi/hackfmi5/hackfmi5-paperjam/web/MountainTracker/node_modules/xml2json/node_modules/node-expat/node_modules/iconv
742 info installOne nan@1.6.2
743 info /home/georgi/hackfmi5/hackfmi5-paperjam/web/MountainTracker/node_modules/xml2json/node_modules/node-expat/node_modules/iconv/node_modules/nan unbuild
744 verbose tar unpack /home/georgi/.npm/nan/1.6.2/package.tgz
745 silly lockFile 31be509a-e-modules-iconv-node-modules-nan tar:///home/georgi/hackfmi5/hackfmi5-paperjam/web/MountainTracker/node_modules/xml2json/node_modules/node-expat/node_modules/iconv/node_modules/nan
746 verbose lock tar:///home/georgi/hackfmi5/hackfmi5-paperjam/web/MountainTracker/node_modules/xml2json/node_modules/node-expat/node_modules/iconv/node_modules/nan /home/georgi/.npm/31be509a-e-modules-iconv-node-modules-nan.lock
747 silly lockFile 82deb7a7-georgi-npm-nan-1-6-2-package-tgz tar:///home/georgi/.npm/nan/1.6.2/package.tgz
748 verbose lock tar:///home/georgi/.npm/nan/1.6.2/package.tgz /home/georgi/.npm/82deb7a7-georgi-npm-nan-1-6-2-package-tgz.lock
749 silly gunzTarPerm modes [ '755', '644' ]
750 silly gunzTarPerm extractEntry package.json
751 silly gunzTarPerm extractEntry include_dirs.js
752 silly gunzTarPerm extractEntry LICENSE.md
753 silly gunzTarPerm extractEntry appveyor.yml
754 silly gunzTarPerm extractEntry .dntrc
755 silly gunzTarPerm extractEntry CHANGELOG.md
756 silly gunzTarPerm extractEntry nan_implementation_12_inl.h
757 silly gunzTarPerm extractEntry nan_implementation_pre_12_inl.h
758 silly gunzTarPerm extractEntry nan_new.h
759 silly gunzTarPerm extractEntry nan_string_bytes.h
760 silly gunzTarPerm extractEntry nan.h
761 silly lockFile 31be509a-e-modules-iconv-node-modules-nan tar:///home/georgi/hackfmi5/hackfmi5-paperjam/web/MountainTracker/node_modules/xml2json/node_modules/node-expat/node_modules/iconv/node_modules/nan
762 silly lockFile 31be509a-e-modules-iconv-node-modules-nan tar:///home/georgi/hackfmi5/hackfmi5-paperjam/web/MountainTracker/node_modules/xml2json/node_modules/node-expat/node_modules/iconv/node_modules/nan
763 silly lockFile 82deb7a7-georgi-npm-nan-1-6-2-package-tgz tar:///home/georgi/.npm/nan/1.6.2/package.tgz
764 silly lockFile 82deb7a7-georgi-npm-nan-1-6-2-package-tgz tar:///home/georgi/.npm/nan/1.6.2/package.tgz
765 info preinstall nan@1.6.2
766 verbose readDependencies using package.json deps
767 verbose readDependencies using package.json deps
768 silly resolved []
769 verbose about to build /home/georgi/hackfmi5/hackfmi5-paperjam/web/MountainTracker/node_modules/xml2json/node_modules/node-expat/node_modules/iconv/node_modules/nan
770 info build /home/georgi/hackfmi5/hackfmi5-paperjam/web/MountainTracker/node_modules/xml2json/node_modules/node-expat/node_modules/iconv/node_modules/nan
771 verbose linkStuff [ false,
771 verbose linkStuff   false,
771 verbose linkStuff   false,
771 verbose linkStuff   '/home/georgi/hackfmi5/hackfmi5-paperjam/web/MountainTracker/node_modules/xml2json/node_modules/node-expat/node_modules/iconv/node_modules' ]
772 info linkStuff nan@1.6.2
773 verbose linkBins nan@1.6.2
774 verbose linkMans nan@1.6.2
775 verbose rebuildBundles nan@1.6.2
776 info install nan@1.6.2
777 info postinstall nan@1.6.2
778 verbose about to build /home/georgi/hackfmi5/hackfmi5-paperjam/web/MountainTracker/node_modules/xml2json/node_modules/node-expat/node_modules/iconv
779 info build /home/georgi/hackfmi5/hackfmi5-paperjam/web/MountainTracker/node_modules/xml2json/node_modules/node-expat/node_modules/iconv
780 verbose linkStuff [ false,
780 verbose linkStuff   false,
780 verbose linkStuff   false,
780 verbose linkStuff   '/home/georgi/hackfmi5/hackfmi5-paperjam/web/MountainTracker/node_modules/xml2json/node_modules/node-expat/node_modules' ]
781 info linkStuff iconv@2.1.6
782 verbose linkBins iconv@2.1.6
783 verbose linkMans iconv@2.1.6
784 verbose rebuildBundles iconv@2.1.6
785 verbose rebuildBundles [ 'nan' ]
786 info install iconv@2.1.6
787 verbose unsafe-perm in lifecycle true
788 info iconv@2.1.6 Failed to exec install script
789 info /home/georgi/hackfmi5/hackfmi5-paperjam/web/MountainTracker/node_modules/xml2json/node_modules/node-expat/node_modules/iconv unbuild
790 info preuninstall iconv@2.1.6
791 info uninstall iconv@2.1.6
792 verbose false,/home/georgi/hackfmi5/hackfmi5-paperjam/web/MountainTracker/node_modules,/home/georgi/hackfmi5/hackfmi5-paperjam/web/MountainTracker/node_modules/xml2json/node_modules/node-expat/node_modules unbuild iconv@2.1.6
793 info postuninstall iconv@2.1.6
794 verbose about to build /home/georgi/hackfmi5/hackfmi5-paperjam/web/MountainTracker/node_modules/xml2json/node_modules/node-expat
795 info /home/georgi/hackfmi5/hackfmi5-paperjam/web/MountainTracker/node_modules/xml2json/node_modules/node-expat unbuild
796 info preuninstall node-expat@2.3.7
797 info uninstall node-expat@2.3.7
798 verbose false,/home/georgi/hackfmi5/hackfmi5-paperjam/web/MountainTracker/node_modules,/home/georgi/hackfmi5/hackfmi5-paperjam/web/MountainTracker/node_modules/xml2json/node_modules unbuild node-expat@2.3.7
799 info postuninstall node-expat@2.3.7
800 verbose about to build /home/georgi/hackfmi5/hackfmi5-paperjam/web/MountainTracker/node_modules/xml2json
801 info /home/georgi/hackfmi5/hackfmi5-paperjam/web/MountainTracker/node_modules/xml2json unbuild
802 info preuninstall xml2json@0.6.1
803 info uninstall xml2json@0.6.1
804 verbose true,/home/georgi/hackfmi5/hackfmi5-paperjam/web/MountainTracker/node_modules,/home/georgi/hackfmi5/hackfmi5-paperjam/web/MountainTracker/node_modules unbuild xml2json@0.6.1
805 verbose /home/georgi/hackfmi5/hackfmi5-paperjam/web/MountainTracker/node_modules/.bin,[object Object] binRoot
806 info postuninstall xml2json@0.6.1
807 error iconv@2.1.6 install: `node-gyp rebuild`
807 error Exit status 1
808 error Failed at the iconv@2.1.6 install script.
808 error This is most likely a problem with the iconv package,
808 error not with npm itself.
808 error Tell the author that this fails on your system:
808 error     node-gyp rebuild
808 error You can get their info via:
808 error     npm owner ls iconv
808 error There is likely additional logging output above.
809 error System Linux 3.13.0-37-generic
810 error command "/home/georgi/.nvm/v0.10.29/bin/node" "/home/georgi/.nvm/v0.10.29/bin/npm" "install" "xml2json" "--save"
811 error cwd /home/georgi/hackfmi5/hackfmi5-paperjam/web/MountainTracker
812 error node -v v0.10.29
813 error npm -v 1.4.14
814 error code ELIFECYCLE
815 verbose exit [ 1, true ]
